
> rest-express@1.0.0 dev
> NODE_ENV=development tsx server/index.ts

✅ WebSocket Server created successfully
WebSocket server initialized
Re-optimizing dependencies because lockfile has changed
9:57:25 PM [express] serving on port 3001
🖼️ Proxying Google Drive image: https://drive.google.com/uc?export=view&id=1kHx0cdqmXthnu924wdcjtyhsuiDZKJDq&sz=w600-h600
New WebSocket connection: client_1750868846371_cilhmb3z5
Received message from client_1750868846371_cilhmb3z5: auth
Authenticated client_1750868846371_cilhmb3z5 as customer 1
✅ Successfully proxying image, content-type: image/png
9:57:28 PM [express] GET /api/proxy-image 200 in 2473ms
9:57:37 PM [express] GET /api/proxy-image 400 in 2ms :: {"error":"URL parameter is required"}
🖼️ Proxying Google Drive image: https://drive.google.com/uc?export=view&id=1kHx0cdqmXthnu924wdcjtyhsuiDZKJDq&sz=w600-h600
✅ Successfully proxying image, content-type: image/png
WebSocket connection closed: client_1750868846371_cilhmb3z5
9:58:09 PM [express] GET /api/location/search 400 in 34ms :: {"error":"Query parameter \"q\" is requ…
9:58:09 PM [express] GET /api/shops 200 in 37ms :: [{"id":"shop_001","name":"Brooklyn Bites","catego…
9:58:09 PM [express] GET /api/shops 200 in 7ms :: [{"id":"shop_001","name":"Brooklyn Bites","categor…
9:58:09 PM [express] GET /api/products 304 in 5ms :: [{"id":"prod_001","shop_id":"shop_001","name":"…
9:58:09 PM [express] GET /api/shops 304 in 2ms :: [{"id":"shop_001","name":"Brooklyn Bites","categor…
🖼️ Proxying Google Drive image: https://drive.google.com/uc?export=view&id=1kHx0cdqmXthnu924wdcjtyhsuiDZKJDq&sz=w400-h300
🖼️ Proxying Google Drive image: https://drive.google.com/uc?export=view&id=1e23jEf8L4gKydlipt9dNQf9WhWL1i_eb&sz=w400-h300
9:58:09 PM [express] GET /api/placeholder/300/200 200 in 65ms
Browserslist: browsers data (caniuse-lite) is 8 months old. Please run:
  npx update-browserslist-db@latest
  Why you should do it regularly: https://github.com/browserslist/update-db#readme
🖼️ Proxying Google Drive image: https://drive.google.com/uc?export=view&id=1ZltbDly7mloqLcMtj-CNo3PGSAjYAaE0&sz=w400-h300
🖼️ Proxying Google Drive image: https://drive.google.com/uc?export=view&id=1JCaB4GCzFzqfAClx5kg6g08L5ppYstKT&sz=w400-h300
🖼️ Proxying Google Drive image: https://drive.google.com/uc?export=view&id=1r6GzBIewe65q62BFiNLPuLagRurGijjY&sz=w400-h300
🖼️ Proxying Google Drive image: https://drive.google.com/uc?export=view&id=19Hb8V0_vUhRrSDIybY06WNWOgyvJunIy&sz=w400-h300
✅ Successfully proxying image, content-type: image/png
✅ Successfully proxying image, content-type: image/png
✅ Successfully proxying image, content-type: image/png
9:58:13 PM [express] GET /api/proxy-image 200 in 3327ms
🖼️ Proxying Google Drive image: https://drive.google.com/uc?export=view&id=1I_K2W4S1bVPFPyCYpcGOJPqNJFa7NTJV&sz=w400-h300
9:58:13 PM [express] GET /api/proxy-image 200 in 3376ms
🖼️ Proxying Google Drive image: https://drive.google.com/uc?export=view&id=13I1piTuqPLmlRIgaS-VYcFx9dj3hp3q-&sz=w400-h300
9:58:13 PM [express] GET /api/proxy-image 200 in 2425ms
🖼️ Proxying Google Drive image: https://drive.google.com/uc?export=view&id=1lgdGx8KMh6SAjmlGSNQb70yrcnTRncJM&sz=w400-h300
✅ Successfully proxying image, content-type: image/png
✅ Successfully proxying image, content-type: image/png
✅ Successfully proxying image, content-type: image/png
9:58:14 PM [express] GET /api/proxy-image 200 in 3085ms
🖼️ Proxying Google Drive image: https://drive.google.com/uc?export=view&id=1wYoycLTLOLh4sSMF15q6GVRdu07AetbP&sz=w400-h300
9:58:14 PM [express] GET /api/products 304 in 9ms :: [{"id":"prod_001","shop_id":"shop_001","name":"…
9:58:14 PM [express] GET /api/shops 200 in 2ms :: [{"id":"shop_001","name":"Brooklyn Bites","categor…
9:58:14 PM [express] GET /api/location/search 400 in 0ms :: {"error":"Query parameter \"q\" is requi…
9:58:14 PM [express] GET /api/shops 304 in 6ms :: [{"id":"shop_001","name":"Brooklyn Bites","categor…
9:58:14 PM [express] GET /api/shops 200 in 1ms :: [{"id":"shop_001","name":"Brooklyn Bites","categor…
9:58:14 PM [express] GET /api/placeholder/300/200 200 in 7ms
🖼️ Proxying Google Drive image: https://drive.google.com/uc?export=view&id=1r6GzBIewe65q62BFiNLPuLagRurGijjY&sz=w400-h300
🖼️ Proxying Google Drive image: https://drive.google.com/uc?export=view&id=19Hb8V0_vUhRrSDIybY06WNWOgyvJunIy&sz=w400-h300
🖼️ Proxying Google Drive image: https://drive.google.com/uc?export=view&id=1I_K2W4S1bVPFPyCYpcGOJPqNJFa7NTJV&sz=w400-h300
🖼️ Proxying Google Drive image: https://drive.google.com/uc?export=view&id=13I1piTuqPLmlRIgaS-VYcFx9dj3hp3q-&sz=w400-h300
🖼️ Proxying Google Drive image: https://drive.google.com/uc?export=view&id=1lgdGx8KMh6SAjmlGSNQb70yrcnTRncJM&sz=w400-h300
🖼️ Proxying Google Drive image: https://drive.google.com/uc?export=view&id=1wYoycLTLOLh4sSMF15q6GVRdu07AetbP&sz=w400-h300
✅ Successfully proxying image, content-type: image/png
✅ Successfully proxying image, content-type: image/png
✅ Successfully proxying image, content-type: image/png
✅ Successfully proxying image, content-type: image/png
✅ Successfully proxying image, content-type: image/png
✅ Successfully proxying image, content-type: image/png
✅ Successfully proxying image, content-type: image/png
✅ Successfully proxying image, content-type: image/png
✅ Successfully proxying image, content-type: image/png
9:58:17 PM [express] GET /api/proxy-image 200 in 2632ms
9:58:17 PM [express] GET /api/proxy-image 200 in 2903ms
9:58:17 PM [express] GET /api/proxy-image 200 in 2985ms
9:58:17 PM [express] GET /api/proxy-image 200 in 3062ms
🖼️ Proxying Google Drive image: https://drive.google.com/uc?export=view&id=1hN-qdFHQgISf550AVw6ZLWgaRLxN5rCu&sz=w400-h300
🖼️ Proxying Google Drive image: https://drive.google.com/uc?export=view&id=1WInGvUFm2ZB177hQatgBmlhEjl5SUh_Q&sz=w400-h300
9:58:17 PM [express] GET /api/proxy-image 200 in 3146ms
✅ Successfully proxying image, content-type: image/png
9:58:18 PM [express] GET /api/proxy-image 200 in 3641ms
✅ Successfully proxying image, content-type: image/png
✅ Successfully proxying image, content-type: image/png
9:58:20 PM [express] GET /api/proxy-image 200 in 2809ms
9:58:20 PM [express] GET /api/proxy-image 200 in 2872ms
9:58:24 PM [express] GET /api/products/49EyydH7IC8seK4zTFkht 200 in 19ms :: {"id":"49EyydH7IC8seK4zT…
9:58:24 PM [express] GET /api/shops/2lvDmKRyX1VVmxOrlY_D1 304 in 2ms :: {"id":"2lvDmKRyX1VVmxOrlY_D1…
New WebSocket connection: client_1750868904835_4502il7df
🖼️ Proxying Google Drive image: https://drive.google.com/uc?export=view&id=1WInGvUFm2ZB177hQatgBmlhEjl5SUh_Q&sz=w600-h600
Received message from client_1750868904835_4502il7df: auth
Authenticated client_1750868904835_4502il7df as customer 1
✅ Successfully proxying image, content-type: image/png
9:58:27 PM [express] GET /api/proxy-image 200 in 2814ms
WebSocket connection closed: client_1750868904835_4502il7df
9:58:32 PM [express] GET /api/products 304 in 6ms :: [{"id":"prod_001","shop_id":"shop_001","name":"…
9:58:32 PM [express] GET /api/shops 200 in 5ms :: [{"id":"shop_001","name":"Brooklyn Bites","categor…
9:58:32 PM [express] GET /api/shops 304 in 8ms :: [{"id":"shop_001","name":"Brooklyn Bites","categor…
9:58:32 PM [express] GET /api/location/search 400 in 1ms :: {"error":"Query parameter \"q\" is requi…
9:58:32 PM [express] GET /api/shops 200 in 8ms :: [{"id":"shop_001","name":"Brooklyn Bites","categor…
9:58:32 PM [express] GET /api/placeholder/300/200 200 in 10ms
9:58:34 PM [express] GET /api/products/FQ464Te4TfzTO9maN-K1E 304 in 6ms :: {"id":"FQ464Te4TfzTO9maN-…
9:58:34 PM [express] GET /api/shops/2lvDmKRyX1VVmxOrlY_D1 304 in 2ms :: {"id":"2lvDmKRyX1VVmxOrlY_D1…
New WebSocket connection: client_1750868914963_oapxy42kd
Received message from client_1750868914963_oapxy42kd: auth
Authenticated client_1750868914963_oapxy42kd as customer 1
WebSocket connection closed: client_1750868914963_oapxy42kd
9:58:37 PM [express] GET /api/shops 200 in 11ms :: [{"id":"shop_001","name":"Brooklyn Bites","catego…
9:58:37 PM [express] GET /api/location/search 400 in 1ms :: {"error":"Query parameter \"q\" is requi…
9:58:37 PM [express] GET /api/products 304 in 8ms :: [{"id":"prod_001","shop_id":"shop_001","name":"…
9:58:37 PM [express] GET /api/shops 304 in 2ms :: [{"id":"shop_001","name":"Brooklyn Bites","categor…
9:58:37 PM [express] GET /api/shops 200 in 13ms :: [{"id":"shop_001","name":"Brooklyn Bites","catego…
9:58:37 PM [express] GET /api/placeholder/300/200 200 in 9ms
9:58:42 PM [express] GET /api/products/4BDdPOGkItpFEnHNTSC8l 200 in 6ms :: {"id":"4BDdPOGkItpFEnHNTS…
9:58:42 PM [express] GET /api/shops/2lvDmKRyX1VVmxOrlY_D1 304 in 7ms :: {"id":"2lvDmKRyX1VVmxOrlY_D1…
🖼️ Proxying Google Drive image: https://drive.google.com/uc?export=view&id=19Hb8V0_vUhRrSDIybY06WNWOgyvJunIy&sz=w600-h600
New WebSocket connection: client_1750868922643_e6y68hfje
Received message from client_1750868922643_e6y68hfje: auth
Authenticated client_1750868922643_e6y68hfje as customer 1
✅ Successfully proxying image, content-type: image/png
9:58:45 PM [express] GET /api/proxy-image 200 in 2743ms
WebSocket connection closed: client_1750868922643_e6y68hfje
10:00:12 PM [express] GET /api/products 304 in 21ms :: [{"id":"prod_001","shop_id":"shop_001","name":…
10:00:12 PM [express] GET /api/shops 200 in 2ms :: [{"id":"shop_001","name":"Brooklyn Bites","categor…
10:00:12 PM [express] GET /api/shops 304 in 3ms :: [{"id":"shop_001","name":"Brooklyn Bites","categor…
10:00:12 PM [express] GET /api/location/search 400 in 2ms :: {"error":"Query parameter \"q\" is requi…
10:00:12 PM [express] GET /api/shops 200 in 6ms :: [{"id":"shop_001","name":"Brooklyn Bites","categor…
10:00:12 PM [express] GET /api/placeholder/300/200 200 in 35ms
10:00:15 PM [express] GET /api/products/FQ464Te4TfzTO9maN-K1E 304 in 18ms :: {"id":"FQ464Te4TfzTO9maN…
10:00:15 PM [express] GET /api/shops/2lvDmKRyX1VVmxOrlY_D1 304 in 2ms :: {"id":"2lvDmKRyX1VVmxOrlY_D1…
New WebSocket connection: client_1750869015069_levb2c1kh
Received message from client_1750869015069_levb2c1kh: auth
Authenticated client_1750869015069_levb2c1kh as customer 1
WebSocket connection closed: client_1750869015069_levb2c1kh
10:00:19 PM [express] GET /api/location/search 400 in 3ms :: {"error":"Query parameter \"q\" is requi…
10:00:19 PM [express] GET /api/shops 200 in 3ms :: [{"id":"shop_001","name":"Brooklyn Bites","categor…
10:00:19 PM [express] GET /api/shops 200 in 2ms :: [{"id":"shop_001","name":"Brooklyn Bites","categor…
10:00:19 PM [express] GET /api/products 304 in 4ms :: [{"id":"prod_001","shop_id":"shop_001","name":"…
10:00:19 PM [express] GET /api/shops 304 in 5ms :: [{"id":"shop_001","name":"Brooklyn Bites","categor…
10:00:20 PM [express] GET /api/placeholder/300/200 200 in 4ms
10:00:23 PM [express] GET /api/products/oydiXazuwwkyFFSSo13v7 304 in 11ms :: {"id":"oydiXazuwwkyFFSSo…
10:00:23 PM [express] GET /api/shops/2lvDmKRyX1VVmxOrlY_D1 304 in 5ms :: {"id":"2lvDmKRyX1VVmxOrlY_D1…
New WebSocket connection: client_1750869023740_u5rwxx3w4
🖼️ Proxying Google Drive image: https://drive.google.com/uc?export=view&id=1r6GzBIewe65q62BFiNLPuLagRurGijjY&sz=w600-h600
Received message from client_1750869023740_u5rwxx3w4: auth
Authenticated client_1750869023740_u5rwxx3w4 as customer 1
✅ Successfully proxying image, content-type: image/png
10:00:26 PM [express] GET /api/proxy-image 200 in 2856ms
WebSocket connection closed: client_1750869023740_u5rwxx3w4
10:00:30 PM [express] GET /api/location/search 400 in 4ms :: {"error":"Query parameter \"q\" is requi…
10:00:31 PM [express] GET /api/shops 200 in 5ms :: [{"id":"shop_001","name":"Brooklyn Bites","categor…
10:00:31 PM [express] GET /api/shops 200 in 2ms :: [{"id":"shop_001","name":"Brooklyn Bites","categor…
10:00:31 PM [express] GET /api/products 304 in 9ms :: [{"id":"prod_001","shop_id":"shop_001","name":"…
10:00:31 PM [express] GET /api/shops 304 in 1ms :: [{"id":"shop_001","name":"Brooklyn Bites","categor…
10:00:31 PM [express] GET /api/placeholder/300/200 200 in 11ms
10:01:14 PM [express] GET /api/shops 200 in 3ms :: [{"id":"shop_001","name":"Brooklyn Bites","categor…
10:01:14 PM [express] GET /api/products 304 in 1ms :: [{"id":"prod_001","shop_id":"shop_001","name":"…
10:01:14 PM [express] GET /api/location/search 400 in 0ms :: {"error":"Query parameter \"q\" is requi…
10:01:14 PM [express] GET /api/shops 200 in 8ms :: [{"id":"shop_001","name":"Brooklyn Bites","categor…
10:01:14 PM [express] GET /api/shops 304 in 3ms :: [{"id":"shop_001","name":"Brooklyn Bites","categor…
10:01:14 PM [express] GET /api/placeholder/300/200 200 in 4ms
10:01:21 PM [express] GET /api/products/teu9c_9WbJ0MdLwc72pFG 200 in 7ms :: {"id":"teu9c_9WbJ0MdLwc72…
10:01:21 PM [express] GET /api/shops/2lvDmKRyX1VVmxOrlY_D1 304 in 2ms :: {"id":"2lvDmKRyX1VVmxOrlY_D1…
🖼️ Proxying Google Drive image: https://drive.google.com/uc?export=view&id=1I_K2W4S1bVPFPyCYpcGOJPqNJFa7NTJV&sz=w600-h600
New WebSocket connection: client_1750869081431_z6fgileof
Received message from client_1750869081431_z6fgileof: auth
Authenticated client_1750869081431_z6fgileof as customer 1
✅ Successfully proxying image, content-type: image/png
10:01:24 PM [express] GET /api/proxy-image 200 in 2782ms
WebSocket connection closed: client_1750869081431_z6fgileof
10:01:26 PM [express] GET /api/location/search 400 in 4ms :: {"error":"Query parameter \"q\" is requi…
10:01:26 PM [express] GET /api/shops 200 in 4ms :: [{"id":"shop_001","name":"Brooklyn Bites","categor…
10:01:26 PM [express] GET /api/shops 200 in 2ms :: [{"id":"shop_001","name":"Brooklyn Bites","categor…
10:01:26 PM [express] GET /api/products 304 in 2ms :: [{"id":"prod_001","shop_id":"shop_001","name":"…
10:01:26 PM [express] GET /api/shops 304 in 3ms :: [{"id":"shop_001","name":"Brooklyn Bites","categor…
10:01:26 PM [express] GET /api/placeholder/300/200 200 in 21ms
