
> rest-express@1.0.0 dev
> NODE_ENV=development tsx server/index.ts

✅ WebSocket Server created successfully
WebSocket server initialized
11:08:33 AM [express] serving on port 3001
New WebSocket connection: client_1751002717705_woz7u3p1w
Received message from client_1751002717705_woz7u3p1w: auth
Authenticated client_1751002717705_woz7u3p1w as customer 1
11:09:22 AM [express] GET /api/customers/1/wishlist 304 in 46ms :: []
11:09:22 AM [express] GET /api/orders 200 in 108ms
New WebSocket connection: client_1751002762718_k62fpelcp
WebSocket connection closed: client_1751002717705_woz7u3p1w
Browserslist: browsers data (caniuse-lite) is 8 months old. Please run:
  npx update-browserslist-db@latest
  Why you should do it regularly: https://github.com/browserslist/update-db#readme
WebSocket connection closed: client_1751002762718_k62fpelcp
11:09:26 AM [express] GET /api/customers/1/wishlist 304 in 2ms :: []
New WebSocket connection: client_1751002766028_bglwx290q
WebSocket connection closed: client_1751002766028_bglwx290q
New WebSocket connection: client_1751002766036_k16ntd4nb
11:09:26 AM [express] GET /api/orders 200 in 31ms
New WebSocket connection: client_1751002766054_ug1cij9g9
Received message from client_1751002766054_ug1cij9g9: auth
Authenticated client_1751002766054_ug1cij9g9 as customer 1
WebSocket connection closed: client_1751002766054_ug1cij9g9
11:09:41 AM [express] GET /api/shops/6k-vyXS9iM97p7jCfXqVn 304 in 18ms :: {"id":"6k-vyXS9iM97p7jCfXqV…
New WebSocket connection: client_1751002781621_33jxifes8
11:09:41 AM [express] GET /api/shops/6k-vyXS9iM97p7jCfXqVn/products 304 in 4ms :: [{"id":"nyYPhbWwAhe…
Received message from client_1751002781621_33jxifes8: auth
Authenticated client_1751002781621_33jxifes8 as merchant sticks_owner (shop: 6k-vyXS9iM97p7jCfXqVn)
11:09:41 AM [express] GET /api/shops/6k-vyXS9iM97p7jCfXqVn/orders 304 in 1ms :: [{"id":"8jNJRvQPxncst…
New WebSocket connection: client_1751002781642_kiaigg5m7
WebSocket connection closed: client_1751002781621_33jxifes8
New WebSocket connection: client_1751002781656_p5bhklfdk
Received message from client_1751002781656_p5bhklfdk: auth
Authenticated client_1751002781656_p5bhklfdk as merchant sticks_owner (shop: 6k-vyXS9iM97p7jCfXqVn)
🔄 Order status update API called: {
  orderId: '2ezidDRtuBs6qmV4GMhQ4',
  newStatus: 'in_progress',
  notes: undefined,
  userId: 'sticks_owner',
  userRole: 'merchant'
}
📦 OrderService.updateOrderStatus called: {
  orderId: '2ezidDRtuBs6qmV4GMhQ4',
  newStatus: 'in_progress',
  updatedBy: 'sticks_owner',
  updatedByType: 'merchant',
  notes: undefined
}
11:09:59 AM [express] PATCH /api/orders/2ezidDRtuBs6qmV4GMhQ4/status 400 in 8ms :: {"error":"Cannot t…
🔄 Order status update API called: {
  orderId: '2ezidDRtuBs6qmV4GMhQ4',
  newStatus: 'cancelled',
  notes: undefined,
  userId: 'sticks_owner',
  userRole: 'merchant'
}
📦 OrderService.updateOrderStatus called: {
  orderId: '2ezidDRtuBs6qmV4GMhQ4',
  newStatus: 'cancelled',
  updatedBy: 'sticks_owner',
  updatedByType: 'merchant',
  notes: undefined
}
11:10:07 AM [express] PATCH /api/orders/2ezidDRtuBs6qmV4GMhQ4/status 400 in 11ms :: {"error":"Cannot …
WebSocket connection closed: client_1751002781656_p5bhklfdk
New WebSocket connection: client_1751002821136_kt4z6ap85
WebSocket connection closed: client_1751002821136_kt4z6ap85
11:10:21 AM [express] GET /api/chat/threads 304 in 16ms :: [{"shop_id":"6k-vyXS9iM97p7jCfXqVn","shop_…
11:10:21 AM [express] GET /api/location/search 400 in 3ms :: {"error":"Query parameter \"q\" is requi…
11:10:21 AM [express] GET /api/products 304 in 2ms :: [{"id":"nyYPhbWwAhezl86uS0AwR","shop_id":"6k-vy…
11:10:21 AM [express] GET /api/shops 200 in 1ms :: [{"id":"BByngmaE_569eC_jxc6d6","name":"The Maripos…
11:10:21 AM [express] GET /api/shops 200 in 2ms :: [{"id":"BByngmaE_569eC_jxc6d6","name":"The Maripos…
11:10:21 AM [express] GET /api/shops 304 in 1ms :: [{"id":"BByngmaE_569eC_jxc6d6","name":"The Maripos…
New WebSocket connection: client_1751002821205_olqsfgz76
New WebSocket connection: client_1751002821217_vwvlisqed
New WebSocket connection: client_1751002821230_ru52rkfau
New WebSocket connection: client_1751002821243_i7ffdzk5x
New WebSocket connection: client_1751002821261_7am7rnhvd
Received message from client_1751002821261_7am7rnhvd: auth
Authenticated client_1751002821261_7am7rnhvd as customer 1
WebSocket connection closed: client_1751002821261_7am7rnhvd
11:10:27 AM [express] GET /api/chat/threads 304 in 23ms :: [{"shop_id":"6k-vyXS9iM97p7jCfXqVn","shop_…
New WebSocket connection: client_1751002827780_7ks18felv
11:10:27 AM [express] GET /api/products/sIDk4HULdOZgkNxZNOeC1 304 in 2ms :: {"id":"sIDk4HULdOZgkNxZNO…
11:10:27 AM [express] GET /api/shops/6k-vyXS9iM97p7jCfXqVn 304 in 5ms :: {"id":"6k-vyXS9iM97p7jCfXqVn…
New WebSocket connection: client_1751002827793_7kg5oq1u5
11:10:27 AM [express] GET /api/customers/1/wishlist 304 in 1ms :: []
New WebSocket connection: client_1751002827808_4lkefsvi1
WebSocket connection closed: client_1751002827793_7kg5oq1u5
New WebSocket connection: client_1751002830041_riz7wq2uc
Received message from client_1751002830041_riz7wq2uc: auth
Authenticated client_1751002830041_riz7wq2uc as customer 1
11:10:31 AM [express] POST /api/orders 201 in 14ms :: {"id":"Zu2sNIkZGq1dLlMORhbHL","shop_id":"6k-vyX…
WebSocket connection closed: client_1751002830041_riz7wq2uc
New WebSocket connection: client_1751002831542_vmhbyc0cv
11:10:31 AM [express] GET /api/customers/1/wishlist 304 in 2ms :: []
11:10:42 AM [express] GET /api/shops/6k-vyXS9iM97p7jCfXqVn 304 in 2ms :: {"id":"6k-vyXS9iM97p7jCfXqVn…
11:10:42 AM [express] GET /api/shops/6k-vyXS9iM97p7jCfXqVn/products 304 in 6ms :: [{"id":"nyYPhbWwAhe…
11:10:42 AM [express] GET /api/shops/6k-vyXS9iM97p7jCfXqVn/orders 200 in 4ms :: [{"id":"Zu2sNIkZGq1dL…
New WebSocket connection: client_1751002842544_y47bv3p15
WebSocket connection closed: client_1751002842544_y47bv3p15
New WebSocket connection: client_1751002842545_ynb8t5vc5
New WebSocket connection: client_1751002842575_gifx79nl0
Received message from client_1751002842575_gifx79nl0: auth
Authenticated client_1751002842575_gifx79nl0 as merchant sticks_owner (shop: 6k-vyXS9iM97p7jCfXqVn)
🔄 Order status update API called: {
  orderId: 'Zu2sNIkZGq1dLlMORhbHL',
  newStatus: 'in_progress',
  notes: undefined,
  userId: 'sticks_owner',
  userRole: 'merchant'
}
📦 OrderService.updateOrderStatus called: {
  orderId: 'Zu2sNIkZGq1dLlMORhbHL',
  newStatus: 'in_progress',
  updatedBy: 'sticks_owner',
  updatedByType: 'merchant',
  notes: undefined
}
📡 Broadcasting order update for order Zu2sNIkZGq1dLlMORhbHL: pending → in_progress
📡 Broadcasting order update to users: { customerId: '1', shopId: '6k-vyXS9iM97p7jCfXqVn', shopOwnerId: '1' }
📡 Broadcasting to customer: 1
🔍 Looking for user 1 with type customer among 11 connections
🔍 Client client_1751002766036_k16ntd4nb: userId=undefined, userType=undefined, readyState=1
🔍 Client client_1751002781642_kiaigg5m7: userId=undefined, userType=undefined, readyState=1
🔍 Client client_1751002821205_olqsfgz76: userId=undefined, userType=undefined, readyState=1
🔍 Client client_1751002821217_vwvlisqed: userId=undefined, userType=undefined, readyState=1
🔍 Client client_1751002821230_ru52rkfau: userId=undefined, userType=undefined, readyState=1
🔍 Client client_1751002821243_i7ffdzk5x: userId=undefined, userType=undefined, readyState=1
🔍 Client client_1751002827780_7ks18felv: userId=undefined, userType=undefined, readyState=1
🔍 Client client_1751002827808_4lkefsvi1: userId=undefined, userType=undefined, readyState=1
🔍 Client client_1751002831542_vmhbyc0cv: userId=undefined, userType=undefined, readyState=1
🔍 Client client_1751002842545_ynb8t5vc5: userId=undefined, userType=undefined, readyState=1
🔍 Client client_1751002842575_gifx79nl0: userId=sticks_owner, userType=merchant, readyState=1
📡 Broadcast summary: 0 messages sent, 0 matching users found, 11 total connections
📡 Broadcasting to shop owner: 1
🔍 Looking for user 1 with type merchant among 11 connections
🔍 Client client_1751002766036_k16ntd4nb: userId=undefined, userType=undefined, readyState=1
🔍 Client client_1751002781642_kiaigg5m7: userId=undefined, userType=undefined, readyState=1
🔍 Client client_1751002821205_olqsfgz76: userId=undefined, userType=undefined, readyState=1
🔍 Client client_1751002821217_vwvlisqed: userId=undefined, userType=undefined, readyState=1
🔍 Client client_1751002821230_ru52rkfau: userId=undefined, userType=undefined, readyState=1
🔍 Client client_1751002821243_i7ffdzk5x: userId=undefined, userType=undefined, readyState=1
🔍 Client client_1751002827780_7ks18felv: userId=undefined, userType=undefined, readyState=1
🔍 Client client_1751002827808_4lkefsvi1: userId=undefined, userType=undefined, readyState=1
🔍 Client client_1751002831542_vmhbyc0cv: userId=undefined, userType=undefined, readyState=1
🔍 Client client_1751002842545_ynb8t5vc5: userId=undefined, userType=undefined, readyState=1
🔍 Client client_1751002842575_gifx79nl0: userId=sticks_owner, userType=merchant, readyState=1
📡 Broadcast summary: 0 messages sent, 0 matching users found, 11 total connections
📡 Broadcasting to shop merchants: 6k-vyXS9iM97p7jCfXqVn
📡 Sent message to 1 merchant connections for shop 6k-vyXS9iM97p7jCfXqVn
📡 Broadcasting to admins
📡 Sent message to 0 admin connections
📡 Order status update broadcasted for order Zu2sNIkZGq1dLlMORhbHL: pending → in_progress
✅ OrderService.updateOrderStatus completed successfully for order Zu2sNIkZGq1dLlMORhbHL
11:10:48 AM [express] PATCH /api/orders/Zu2sNIkZGq1dLlMORhbHL/status 200 in 29ms :: {"id":"Zu2sNIkZGq…
WebSocket connection closed: client_1751002842575_gifx79nl0
New WebSocket connection: client_1751002848356_b8y0vodb0
New WebSocket connection: client_1751002848398_1qa4hbimj
Received message from client_1751002848398_1qa4hbimj: auth
Authenticated client_1751002848398_1qa4hbimj as merchant sticks_owner (shop: 6k-vyXS9iM97p7jCfXqVn)
WebSocket connection closed: client_1751002848398_1qa4hbimj
New WebSocket connection: client_1751002857908_xiqnnuvca
WebSocket connection closed: client_1751002857908_xiqnnuvca
11:10:57 AM [express] GET /api/location/search 400 in 1ms :: {"error":"Query parameter \"q\" is requi…
New WebSocket connection: client_1751002857922_mxnqc91l2
11:10:57 AM [express] GET /api/shops 200 in 4ms :: [{"id":"BByngmaE_569eC_jxc6d6","name":"The Maripos…
11:10:57 AM [express] GET /api/products 304 in 17ms :: [{"id":"nyYPhbWwAhezl86uS0AwR","shop_id":"6k-v…
11:10:57 AM [express] GET /api/shops 200 in 1ms :: [{"id":"BByngmaE_569eC_jxc6d6","name":"The Maripos…
11:10:57 AM [express] GET /api/chat/threads 304 in 1ms :: [{"shop_id":"6k-vyXS9iM97p7jCfXqVn","shop_n…
New WebSocket connection: client_1751002857959_2155rnm3q
Received message from client_1751002857959_2155rnm3q: auth
Authenticated client_1751002857959_2155rnm3q as customer 1
New WebSocket connection: client_1751002857983_q94jqiny7
WebSocket connection closed: client_1751002857983_q94jqiny7
WebSocket connection closed: client_1751002857959_2155rnm3q
11:10:57 AM [express] GET /api/shops 304 in 1ms :: [{"id":"BByngmaE_569eC_jxc6d6","name":"The Maripos…
New WebSocket connection: client_1751002857994_bgpvntz3l
New WebSocket connection: client_1751002858010_dyqze1afw
WebSocket connection closed: client_1751002858010_dyqze1afw
New WebSocket connection: client_1751002858080_rt2g2zayr
New WebSocket connection: client_1751002860847_9187z4q1k
Received message from client_1751002860847_9187z4q1k: auth
Authenticated client_1751002860847_9187z4q1k as customer 1
WebSocket connection closed: client_1751002860847_9187z4q1k
New WebSocket connection: client_1751002861016_fg5vqosbw
11:11:01 AM [express] GET /api/customers/1/wishlist 304 in 9ms :: []
11:11:01 AM [express] GET /api/orders 200 in 22ms
New WebSocket connection: client_1751002861087_6d07qtstq
Received message from client_1751002861087_6d07qtstq: auth
Authenticated client_1751002861087_6d07qtstq as customer 1
11:11:11 AM [express] GET /api/customers/1/wishlist 304 in 6ms :: []
11:11:11 AM [express] GET /api/orders 200 in 23ms
New WebSocket connection: client_1751002871063_khrc60yez
WebSocket connection closed: client_1751002871063_khrc60yez
WebSocket connection closed: client_1751002861087_6d07qtstq
New WebSocket connection: client_1751002871074_pvorh7pse
11:11:13 AM [express] PATCH /api/orders/8jNJRvQPxncstN2MO3nq9/status 401 in 1ms :: {"error":"Authenti…
New WebSocket connection: client_1751002874694_wfr23ict0
Received message from client_1751002874694_wfr23ict0: auth
Authenticated client_1751002874694_wfr23ict0 as customer 1
11:11:21 AM [express] GET /api/customers/1/wishlist 304 in 1ms :: []
11:11:21 AM [express] GET /api/orders 200 in 12ms
New WebSocket connection: client_1751002881742_qt453zyo0
WebSocket connection closed: client_1751002881742_qt453zyo0
WebSocket connection closed: client_1751002874694_wfr23ict0
New WebSocket connection: client_1751002881750_9zxjjok9l
New WebSocket connection: client_1751002885697_fus51940u
Received message from client_1751002885697_fus51940u: auth
Authenticated client_1751002885697_fus51940u as customer 1
11:11:31 AM [express] GET /api/customers/1/wishlist 304 in 2ms :: []
11:11:31 AM [express] GET /api/orders 200 in 7ms
WebSocket connection closed: client_1751002885697_fus51940u
New WebSocket connection: client_1751002891722_qypfeyae3
New WebSocket connection: client_1751002891735_11pi2qj6u
Received message from client_1751002891735_11pi2qj6u: auth
Authenticated client_1751002891735_11pi2qj6u as customer 1
11:11:41 AM [express] GET /api/customers/1/wishlist 304 in 4ms :: []
11:11:41 AM [express] GET /api/orders 200 in 15ms
WebSocket connection closed: client_1751002891735_11pi2qj6u
New WebSocket connection: client_1751002901748_l12bghfq8
New WebSocket connection: client_1751002901759_e51a9irk2
Received message from client_1751002901759_e51a9irk2: auth
Authenticated client_1751002901759_e51a9irk2 as customer 1
11:11:46 AM [express] PATCH /api/orders/Zu2sNIkZGq1dLlMORhbHL/status 401 in 15ms :: {"error":"Invalid…
11:11:51 AM [express] GET /api/customers/1/wishlist 304 in 3ms :: []
11:11:51 AM [express] GET /api/orders 200 in 9ms
WebSocket connection closed: client_1751002901759_e51a9irk2
New WebSocket connection: client_1751002911728_s9bj3a899
New WebSocket connection: client_1751002911740_4ok53jo34
Received message from client_1751002911740_4ok53jo34: auth
Authenticated client_1751002911740_4ok53jo34 as customer 1
11:12:01 AM [express] GET /api/customers/1/wishlist 304 in 15ms :: []
11:12:01 AM [express] GET /api/orders 200 in 27ms
New WebSocket connection: client_1751002921737_c9e1jhh6y
WebSocket connection closed: client_1751002921737_c9e1jhh6y
WebSocket connection closed: client_1751002911740_4ok53jo34
New WebSocket connection: client_1751002921747_ojflwqnfe
New WebSocket connection: client_1751002925700_3m96rtjn7
Received message from client_1751002925700_3m96rtjn7: auth
Authenticated client_1751002925700_3m96rtjn7 as customer 1
11:12:11 AM [express] GET /api/customers/1/wishlist 304 in 7ms :: []
11:12:11 AM [express] GET /api/orders 200 in 32ms
New WebSocket connection: client_1751002931761_7r8bnrp6n
WebSocket connection closed: client_1751002931761_7r8bnrp6n
WebSocket connection closed: client_1751002925700_3m96rtjn7
New WebSocket connection: client_1751002931772_r8hs7au7x
New WebSocket connection: client_1751002935714_qtriqpcr4
Received message from client_1751002935714_qtriqpcr4: auth
Authenticated client_1751002935714_qtriqpcr4 as customer 1
11:12:18 AM [express] GET /api/orders 200 in 13ms
11:12:27 AM [express] GET /api/orders 200 in 8ms
11:12:29 AM [express] GET /api/customers/1/wishlist 304 in 3ms :: []
11:12:29 AM [express] GET /api/orders 200 in 22ms
New WebSocket connection: client_1751002949766_yrl96wj5q
WebSocket connection closed: client_1751002935714_qtriqpcr4
WebSocket connection closed: client_1751002949766_yrl96wj5q
New WebSocket connection: client_1751002949779_2tbgkn1aq
New WebSocket connection: client_1751002953713_xv5bofjey
Received message from client_1751002953713_xv5bofjey: auth
Authenticated client_1751002953713_xv5bofjey as customer 1
11:12:48 AM [express] GET /api/customers/1/wishlist 304 in 3ms :: []
WebSocket connection closed: client_1751002953713_xv5bofjey
New WebSocket connection: client_1751002968412_cvjf4968f
11:12:48 AM [express] GET /api/orders 200 in 44ms
New WebSocket connection: client_1751002968443_l4ncibyrj
Received message from client_1751002968443_l4ncibyrj: auth
Authenticated client_1751002968443_l4ncibyrj as customer 1
WebSocket connection closed: client_1751002827780_7ks18felv
WebSocket connection closed: client_1751002821243_i7ffdzk5x
WebSocket connection closed: client_1751002821230_ru52rkfau
WebSocket connection closed: client_1751002821217_vwvlisqed
WebSocket connection closed: client_1751002821205_olqsfgz76
WebSocket connection closed: client_1751002781642_kiaigg5m7
WebSocket connection closed: client_1751002766036_k16ntd4nb
WebSocket connection closed: client_1751002858080_rt2g2zayr
WebSocket connection closed: client_1751002857994_bgpvntz3l
WebSocket connection closed: client_1751002857922_mxnqc91l2
WebSocket connection closed: client_1751002848356_b8y0vodb0
WebSocket connection closed: client_1751002842545_ynb8t5vc5
WebSocket connection closed: client_1751002831542_vmhbyc0cv
WebSocket connection closed: client_1751002827808_4lkefsvi1
WebSocket connection closed: client_1751002968443_l4ncibyrj
WebSocket connection closed: client_1751002968412_cvjf4968f
WebSocket connection closed: client_1751002949779_2tbgkn1aq
WebSocket connection closed: client_1751002931772_r8hs7au7x
WebSocket connection closed: client_1751002921747_ojflwqnfe
WebSocket connection closed: client_1751002911728_s9bj3a899
WebSocket connection closed: client_1751002901748_l12bghfq8
WebSocket connection closed: client_1751002891722_qypfeyae3
WebSocket connection closed: client_1751002881750_9zxjjok9l
WebSocket connection closed: client_1751002871074_pvorh7pse
WebSocket connection closed: client_1751002861016_fg5vqosbw
11:12:50 AM [express] GET /api/customers/1/wishlist 304 in 4ms :: []
New WebSocket connection: client_1751002970705_zq2944nxb
WebSocket connection closed: client_1751002970705_zq2944nxb
11:12:50 AM [express] GET /api/orders 200 in 22ms
New WebSocket connection: client_1751002970725_w2dui8chn
New WebSocket connection: client_1751002970736_od6gca02v
Received message from client_1751002970736_od6gca02v: auth
Authenticated client_1751002970736_od6gca02v as customer 1
11:13:01 AM [express] GET /api/customers/1/wishlist 304 in 2ms :: []
11:13:01 AM [express] GET /api/orders 200 in 21ms
WebSocket connection closed: client_1751002970736_od6gca02v
New WebSocket connection: client_1751002981745_fd5le2tv2
New WebSocket connection: client_1751002981756_s39r7jncw
Received message from client_1751002981756_s39r7jncw: auth
Authenticated client_1751002981756_s39r7jncw as customer 1
11:13:11 AM [express] GET /api/customers/1/wishlist 304 in 2ms :: []
11:13:11 AM [express] GET /api/orders 200 in 32ms
New WebSocket connection: client_1751002991754_q8w56tg92
WebSocket connection closed: client_1751002981756_s39r7jncw
WebSocket connection closed: client_1751002991754_q8w56tg92
New WebSocket connection: client_1751002991774_6wm1dis14
New WebSocket connection: client_1751002995699_hrej92uud
Received message from client_1751002995699_hrej92uud: auth
Authenticated client_1751002995699_hrej92uud as customer 1
11:13:21 AM [express] GET /api/customers/1/wishlist 304 in 4ms :: []
11:13:21 AM [express] GET /api/orders 200 in 15ms
WebSocket connection closed: client_1751002995699_hrej92uud
New WebSocket connection: client_1751003001727_4xxdkddcl
New WebSocket connection: client_1751003001738_7rbrds2gh
Received message from client_1751003001738_7rbrds2gh: auth
Authenticated client_1751003001738_7rbrds2gh as customer 1
11:13:31 AM [express] GET /api/customers/1/wishlist 304 in 7ms :: []
11:13:31 AM [express] GET /api/orders 200 in 20ms
WebSocket connection closed: client_1751003001738_7rbrds2gh
New WebSocket connection: client_1751003011729_w6x5eyrad
New WebSocket connection: client_1751003011748_id28r96uk
Received message from client_1751003011748_id28r96uk: auth
Authenticated client_1751003011748_id28r96uk as customer 1
11:13:41 AM [express] GET /api/customers/1/wishlist 304 in 2ms :: []
11:13:41 AM [express] GET /api/orders 200 in 8ms
New WebSocket connection: client_1751003021734_wgvgod2ud
WebSocket connection closed: client_1751003011748_id28r96uk
WebSocket connection closed: client_1751003021734_wgvgod2ud
New WebSocket connection: client_1751003021746_3wqwu1hx7
New WebSocket connection: client_1751003025698_ceih7kc3c
Received message from client_1751003025698_ceih7kc3c: auth
Authenticated client_1751003025698_ceih7kc3c as customer 1
11:13:51 AM [express] GET /api/customers/1/wishlist 304 in 2ms :: []
11:13:51 AM [express] GET /api/orders 200 in 13ms
WebSocket connection closed: client_1751003025698_ceih7kc3c
New WebSocket connection: client_1751003031728_jct9b4j6l
New WebSocket connection: client_1751003031740_evk3dugjr
Received message from client_1751003031740_evk3dugjr: auth
Authenticated client_1751003031740_evk3dugjr as customer 1
11:14:29 AM [express] GET /api/customers/1/wishlist 304 in 3ms :: []
11:14:29 AM [express] GET /api/orders 200 in 28ms
New WebSocket connection: client_1751003069768_840kf1iq0
WebSocket connection closed: client_1751003031740_evk3dugjr
WebSocket connection closed: client_1751003069768_840kf1iq0
New WebSocket connection: client_1751003069780_66jal0em3
New WebSocket connection: client_1751003073695_5bclceycf
Received message from client_1751003073695_5bclceycf: auth
Authenticated client_1751003073695_5bclceycf as customer 1
11:14:36 AM [express] GET /api/customers/1/wishlist 304 in 2ms :: []
WebSocket connection closed: client_1751003073695_5bclceycf
New WebSocket connection: client_1751003076346_y9mjfa17c
11:14:36 AM [express] GET /api/orders 200 in 32ms
New WebSocket connection: client_1751003076373_qx1rrodbx
Received message from client_1751003076373_qx1rrodbx: auth
Authenticated client_1751003076373_qx1rrodbx as customer 1
11:14:41 AM [express] GET /api/customers/1/wishlist 304 in 12ms :: []
11:14:41 AM [express] GET /api/orders 200 in 46ms
New WebSocket connection: client_1751003081782_r76z852j1
WebSocket connection closed: client_1751003081782_r76z852j1
New WebSocket connection: client_1751003081807_chd8hexnb
WebSocket connection closed: client_1751003076373_qx1rrodbx
New WebSocket connection: client_1751003085705_xiwr2fze5
Received message from client_1751003085705_xiwr2fze5: auth
Authenticated client_1751003085705_xiwr2fze5 as customer 1
11:14:51 AM [express] GET /api/customers/1/wishlist 304 in 4ms :: []
11:14:51 AM [express] GET /api/orders 200 in 20ms
New WebSocket connection: client_1751003091742_lia00pym2
WebSocket connection closed: client_1751003091742_lia00pym2
WebSocket connection closed: client_1751003085705_xiwr2fze5
New WebSocket connection: client_1751003091752_mds1eujsv
New WebSocket connection: client_1751003095697_winu5yx2z
Received message from client_1751003095697_winu5yx2z: auth
Authenticated client_1751003095697_winu5yx2z as customer 1
11:15:01 AM [express] GET /api/customers/1/wishlist 304 in 4ms :: []
11:15:01 AM [express] GET /api/orders 200 in 22ms
New WebSocket connection: client_1751003101740_exdmwz7ep
WebSocket connection closed: client_1751003095697_winu5yx2z
New WebSocket connection: client_1751003101752_adzetduzp
Received message from client_1751003101752_adzetduzp: auth
Authenticated client_1751003101752_adzetduzp as customer 1
11:15:11 AM [express] GET /api/customers/1/wishlist 304 in 4ms :: []
11:15:11 AM [express] GET /api/orders 200 in 19ms
WebSocket connection closed: client_1751003101752_adzetduzp
New WebSocket connection: client_1751003111737_26143exf4
New WebSocket connection: client_1751003111750_qw339uipr
Received message from client_1751003111750_qw339uipr: auth
Authenticated client_1751003111750_qw339uipr as customer 1
11:15:21 AM [express] GET /api/customers/1/wishlist 304 in 2ms :: []
11:15:21 AM [express] GET /api/orders 200 in 19ms
New WebSocket connection: client_1751003121720_b12cllvol
WebSocket connection closed: client_1751003111750_qw339uipr
New WebSocket connection: client_1751003121735_yldalfi41
Received message from client_1751003121735_yldalfi41: auth
Authenticated client_1751003121735_yldalfi41 as customer 1
11:15:31 AM [express] GET /api/customers/1/wishlist 304 in 5ms :: []
11:15:31 AM [express] GET /api/orders 200 in 17ms
WebSocket connection closed: client_1751003121735_yldalfi41
New WebSocket connection: client_1751003131748_pdllnb7q0
WebSocket connection closed: client_1751003131748_pdllnb7q0
New WebSocket connection: client_1751003131758_x2b0my3ej
New WebSocket connection: client_1751003135694_1x9k417ld
Received message from client_1751003135694_1x9k417ld: auth
Authenticated client_1751003135694_1x9k417ld as customer 1
11:15:41 AM [express] GET /api/customers/1/wishlist 304 in 2ms :: []
11:15:41 AM [express] GET /api/orders 200 in 26ms
WebSocket connection closed: client_1751003135694_1x9k417ld
New WebSocket connection: client_1751003141724_zx47elwsq
New WebSocket connection: client_1751003141755_3lh5n5w7q
Received message from client_1751003141755_3lh5n5w7q: auth
Authenticated client_1751003141755_3lh5n5w7q as customer 1
11:15:51 AM [express] GET /api/customers/1/wishlist 304 in 3ms :: []
11:15:51 AM [express] GET /api/orders 200 in 9ms
New WebSocket connection: client_1751003151719_wrgvvh5ax
WebSocket connection closed: client_1751003141755_3lh5n5w7q
WebSocket connection closed: client_1751003151719_wrgvvh5ax
New WebSocket connection: client_1751003151730_wtpiyfl14
New WebSocket connection: client_1751003155703_vpqsw8h9m
Received message from client_1751003155703_vpqsw8h9m: auth
Authenticated client_1751003155703_vpqsw8h9m as customer 1
11:16:01 AM [express] GET /api/customers/1/wishlist 304 in 11ms :: []
11:16:01 AM [express] GET /api/orders 200 in 28ms
WebSocket connection closed: client_1751003155703_vpqsw8h9m
New WebSocket connection: client_1751003161735_nhbt6c4vr
New WebSocket connection: client_1751003161746_4s4n326yz
Received message from client_1751003161746_4s4n326yz: auth
Authenticated client_1751003161746_4s4n326yz as customer 1
11:16:09 AM [express] GET /api/orders 200 in 9ms
11:16:11 AM [express] GET /api/customers/1/wishlist 304 in 2ms :: []
11:16:11 AM [express] GET /api/orders 200 in 10ms
WebSocket connection closed: client_1751003161746_4s4n326yz
New WebSocket connection: client_1751003171718_muo2jqf1x
New WebSocket connection: client_1751003171733_41zsxcr32
Received message from client_1751003171733_41zsxcr32: auth
Authenticated client_1751003171733_41zsxcr32 as customer 1
11:16:22 AM [express] GET /api/orders 200 in 18ms
11:16:28 AM [express] GET /api/customers/1/wishlist 304 in 10ms :: []
11:16:28 AM [express] GET /api/orders 200 in 43ms
New WebSocket connection: client_1751003188672_l03vnoj1n
WebSocket connection closed: client_1751003188672_l03vnoj1n
WebSocket connection closed: client_1751003171733_41zsxcr32
New WebSocket connection: client_1751003188690_lgiceumw1
11:16:31 AM [express] GET /api/customers/1/wishlist 304 in 3ms :: []
New WebSocket connection: client_1751003191702_x4ukeg4q2
Received message from client_1751003191702_x4ukeg4q2: auth
Authenticated client_1751003191702_x4ukeg4q2 as customer 1
11:16:31 AM [express] GET /api/orders 200 in 17ms
WebSocket connection closed: client_1751003191702_x4ukeg4q2
New WebSocket connection: client_1751003191728_8z20vp4tr
WebSocket connection closed: client_1751003191728_8z20vp4tr
New WebSocket connection: client_1751003191739_gz02gccfc
New WebSocket connection: client_1751003195694_j57zf0dwh
Received message from client_1751003195694_j57zf0dwh: auth
Authenticated client_1751003195694_j57zf0dwh as customer 1
11:16:41 AM [express] GET /api/customers/1/wishlist 304 in 5ms :: []
11:16:41 AM [express] GET /api/orders 200 in 31ms
New WebSocket connection: client_1751003201748_afam4i03y
WebSocket connection closed: client_1751003195694_j57zf0dwh
New WebSocket connection: client_1751003201760_o9vogm8gu
Received message from client_1751003201760_o9vogm8gu: auth
Authenticated client_1751003201760_o9vogm8gu as customer 1
11:16:51 AM [express] GET /api/customers/1/wishlist 304 in 12ms :: []
WebSocket connection closed: client_1751003201760_o9vogm8gu
11:16:51 AM [express] GET /api/orders 200 in 26ms
New WebSocket connection: client_1751003211719_1i8ovcbgh
New WebSocket connection: client_1751003211730_8uq7eve22
Received message from client_1751003211730_8uq7eve22: auth
Authenticated client_1751003211730_8uq7eve22 as customer 1
11:17:01 AM [express] GET /api/customers/1/wishlist 304 in 3ms :: []
11:17:01 AM [express] GET /api/orders 200 in 14ms
New WebSocket connection: client_1751003221761_t6gmophp8
WebSocket connection closed: client_1751003221761_t6gmophp8
WebSocket connection closed: client_1751003211730_8uq7eve22
New WebSocket connection: client_1751003221766_ptuo1n8np
New WebSocket connection: client_1751003225691_dquqyn0pu
Received message from client_1751003225691_dquqyn0pu: auth
Authenticated client_1751003225691_dquqyn0pu as customer 1
11:17:11 AM [express] GET /api/customers/1/wishlist 304 in 4ms :: []
11:17:11 AM [express] GET /api/orders 200 in 18ms
WebSocket connection closed: client_1751003225691_dquqyn0pu
New WebSocket connection: client_1751003231728_y5z348hue
New WebSocket connection: client_1751003231739_jfvygrfz6
Received message from client_1751003231739_jfvygrfz6: auth
Authenticated client_1751003231739_jfvygrfz6 as customer 1
11:17:21 AM [express] GET /api/customers/1/wishlist 304 in 2ms :: []
11:17:21 AM [express] GET /api/orders 200 in 12ms
WebSocket connection closed: client_1751003231739_jfvygrfz6
New WebSocket connection: client_1751003241750_9w4oewq9q
New WebSocket connection: client_1751003245691_fjhmqz5kp
Received message from client_1751003245691_fjhmqz5kp: auth
Authenticated client_1751003245691_fjhmqz5kp as customer 1
11:18:29 AM [express] GET /api/customers/1/wishlist 304 in 11ms :: []
11:18:29 AM [express] GET /api/orders 200 in 52ms
New WebSocket connection: client_1751003309842_27l5ysvdk
WebSocket connection closed: client_1751003245691_fjhmqz5kp
WebSocket connection closed: client_1751003309842_27l5ysvdk
New WebSocket connection: client_1751003309857_xjb4o4ca3
New WebSocket connection: client_1751003313696_ttfwisxng
Received message from client_1751003313696_ttfwisxng: auth
Authenticated client_1751003313696_ttfwisxng as customer 1
11:19:29 AM [express] GET /api/customers/1/wishlist 304 in 2ms :: []
11:19:29 AM [express] GET /api/orders 200 in 45ms
WebSocket connection closed: client_1751003313696_ttfwisxng
New WebSocket connection: client_1751003369788_qgah3g3sk
New WebSocket connection: client_1751003369800_3c7xfg3dm
Received message from client_1751003369800_3c7xfg3dm: auth
Authenticated client_1751003369800_3c7xfg3dm as customer 1
11:19:45 AM [vite] hmr update /src/pages/CustomerReservations.tsx, /src/index.css?v=fhlibpT_VtshTHC8MZnj3
11:20:04 AM [vite] hmr update /src/pages/NewShopOwnerDashboard.tsx, /src/index.css?v=fhlibpT_VtshTHC8MZnj3
11:20:22 AM [vite] hmr update /src/components/dashboard/OrderTracking.tsx, /src/index.css?v=fhlibpT_VtshTHC8MZnj3
11:20:29 AM [express] GET /api/customers/1/wishlist 304 in 7ms :: []
New WebSocket connection: client_1751003429828_ustyhzbgk
WebSocket connection closed: client_1751003369800_3c7xfg3dm
11:20:29 AM [express] GET /api/orders 200 in 78ms
New WebSocket connection: client_1751003429841_uj417xdrn
Received message from client_1751003429841_uj417xdrn: auth
Authenticated client_1751003429841_uj417xdrn as customer 1
11:20:45 AM [vite] hmr update /src/index.css?v=fhlibpT_VtshTHC8MZnj3, /src/pages/NewShopOwnerDashboard.tsx, /src/pages/CustomerReservations.tsx, /src/pages/Index.tsx, /src/pages/EnhancedAdminDashboard.tsx, /src/pages/ProductDetail.tsx, /src/components/CustomerChatInterface.tsx, /src/pages/ComprehensiveAdminDashboard.tsx, /src/components/CustomerMerchantChat.tsx, /src/components/dashboard/OrderTracking.tsx
11:21:29 AM [express] GET /api/customers/1/wishlist 304 in 11ms :: []
11:21:29 AM [express] GET /api/orders 200 in 84ms
New WebSocket connection: client_1751003489823_aeind5wk6
WebSocket connection closed: client_1751003429841_uj417xdrn
New WebSocket connection: client_1751003489861_16ercuvbt
Received message from client_1751003489861_16ercuvbt: auth
Authenticated client_1751003489861_16ercuvbt as customer 1
11:21:39 AM [express] GET /api/customers/1/wishlist 304 in 1ms :: []
11:21:39 AM [express] GET /api/orders 200 in 8ms
WebSocket connection closed: client_1751003489861_16ercuvbt
New WebSocket connection: client_1751003499529_abl1yo8fx
11:21:40 AM [express] GET /api/customers/1/wishlist 304 in 3ms :: []
New WebSocket connection: client_1751003500710_s84xmgnfm
Received message from client_1751003500710_s84xmgnfm: auth
Authenticated client_1751003500710_s84xmgnfm as customer 1
11:21:40 AM [express] GET /api/orders 200 in 30ms
WebSocket connection closed: client_1751003500710_s84xmgnfm
New WebSocket connection: client_1751003500722_xiex4y5k4
11:21:46 AM [express] GET /api/chat/threads 304 in 8ms :: [{"shop_id":"6k-vyXS9iM97p7jCfXqVn","shop_n…
New WebSocket connection: client_1751003506450_6a7n2hc64
11:21:46 AM [express] GET /api/shops 200 in 4ms :: [{"id":"BByngmaE_569eC_jxc6d6","name":"The Maripos…
11:21:46 AM [express] GET /api/products 304 in 7ms :: [{"id":"nyYPhbWwAhezl86uS0AwR","shop_id":"6k-vy…
New WebSocket connection: client_1751003506478_nxr64sqen
WebSocket connection closed: client_1751003506478_nxr64sqen
11:21:46 AM [express] GET /api/shops 304 in 16ms :: [{"id":"BByngmaE_569eC_jxc6d6","name":"The Maripo…
New WebSocket connection: client_1751003506506_7ac306lsl
New WebSocket connection: client_1751003506517_o0jmrqj0g
11:21:46 AM [express] GET /api/location/search 400 in 1ms :: {"error":"Query parameter \"q\" is requi…
New WebSocket connection: client_1751003506582_x2wc24bx7
WebSocket connection closed: client_1751003506517_o0jmrqj0g
11:21:46 AM [express] GET /api/shops 200 in 6ms :: [{"id":"BByngmaE_569eC_jxc6d6","name":"The Maripos…
New WebSocket connection: client_1751003506613_fytl2kagh
New WebSocket connection: client_1751003506657_8rbd8gg1c
WebSocket connection closed: client_1751003506613_fytl2kagh
New WebSocket connection: client_1751003506690_5uosne20b
Received message from client_1751003506690_5uosne20b: auth
Authenticated client_1751003506690_5uosne20b as customer 1
WebSocket connection closed: client_1751003506690_5uosne20b
11:21:50 AM [express] GET /api/chat/threads 304 in 9ms :: [{"shop_id":"6k-vyXS9iM97p7jCfXqVn","shop_n…
11:21:50 AM [express] GET /api/products/xpl-J2ghDH5awefV8KhlL 200 in 20ms :: {"id":"xpl-J2ghDH5awefV8…
New WebSocket connection: client_1751003510187_i81a9hcs7
11:21:50 AM [express] GET /api/shops/6k-vyXS9iM97p7jCfXqVn 304 in 2ms :: {"id":"6k-vyXS9iM97p7jCfXqVn…
New WebSocket connection: client_1751003510201_y7f59uzsx
11:21:50 AM [express] GET /api/customers/1/wishlist 304 in 2ms :: []
New WebSocket connection: client_1751003510215_locw94gy7
WebSocket connection closed: client_1751003510201_y7f59uzsx
New WebSocket connection: client_1751003511828_2nqdtyoym
Received message from client_1751003511828_2nqdtyoym: auth
Authenticated client_1751003511828_2nqdtyoym as customer 1
(node:86556) [node-fetch#buffer] DeprecationWarning: Please use 'response.arrayBuffer()' instead of 'response.buffer()'
(Use `node --trace-deprecation ...` to show where the warning was created)
11:21:52 AM [express] GET /api/proxy-image 200 in 2740ms
11:21:53 AM [express] POST /api/orders 201 in 7ms :: {"id":"jUeseEbGYMJ1BQK1M8tkY","shop_id":"6k-vyXS…
WebSocket connection closed: client_1751003511828_2nqdtyoym
New WebSocket connection: client_1751003513523_iki1dkix9
11:21:53 AM [express] GET /api/customers/1/wishlist 304 in 1ms :: []
11:22:08 AM [express] GET /api/shops/6k-vyXS9iM97p7jCfXqVn 304 in 12ms :: {"id":"6k-vyXS9iM97p7jCfXqV…
11:22:08 AM [express] GET /api/shops/6k-vyXS9iM97p7jCfXqVn/products 304 in 2ms :: [{"id":"nyYPhbWwAhe…
New WebSocket connection: client_1751003528625_ww98cz8qc
WebSocket connection closed: client_1751003528625_ww98cz8qc
11:22:08 AM [express] GET /api/shops/6k-vyXS9iM97p7jCfXqVn/orders 200 in 1ms :: [{"id":"jUeseEbGYMJ1B…
New WebSocket connection: client_1751003528644_3u58f95y7
New WebSocket connection: client_1751003528725_wbm9b8olj
Received message from client_1751003528725_wbm9b8olj: auth
Authenticated client_1751003528725_wbm9b8olj as merchant sticks_owner (shop: 6k-vyXS9iM97p7jCfXqVn)
🔄 Order status update API called: {
  orderId: 'jUeseEbGYMJ1BQK1M8tkY',
  newStatus: 'in_progress',
  notes: undefined,
  userId: 'sticks_owner',
  userRole: 'merchant'
}
📦 OrderService.updateOrderStatus called: {
  orderId: 'jUeseEbGYMJ1BQK1M8tkY',
  newStatus: 'in_progress',
  updatedBy: 'sticks_owner',
  updatedByType: 'merchant',
  notes: undefined
}
📡 Broadcasting order update for order jUeseEbGYMJ1BQK1M8tkY: pending → in_progress
📡 Broadcasting order update to users: { customerId: '1', shopId: '6k-vyXS9iM97p7jCfXqVn', shopOwnerId: '1' }
📡 Broadcasting to customer: 1
🔍 Looking for user 1 with type customer among 41 connections
🔍 Client client_1751002970725_w2dui8chn: userId=undefined, userType=undefined, readyState=1
🔍 Client client_1751002981745_fd5le2tv2: userId=undefined, userType=undefined, readyState=1
🔍 Client client_1751002991774_6wm1dis14: userId=undefined, userType=undefined, readyState=1
🔍 Client client_1751003001727_4xxdkddcl: userId=undefined, userType=undefined, readyState=1
🔍 Client client_1751003011729_w6x5eyrad: userId=undefined, userType=undefined, readyState=1
🔍 Client client_1751003021746_3wqwu1hx7: userId=undefined, userType=undefined, readyState=1
🔍 Client client_1751003031728_jct9b4j6l: userId=undefined, userType=undefined, readyState=1
🔍 Client client_1751003069780_66jal0em3: userId=undefined, userType=undefined, readyState=1
🔍 Client client_1751003076346_y9mjfa17c: userId=undefined, userType=undefined, readyState=1
🔍 Client client_1751003081807_chd8hexnb: userId=undefined, userType=undefined, readyState=1
🔍 Client client_1751003091752_mds1eujsv: userId=undefined, userType=undefined, readyState=1
🔍 Client client_1751003101740_exdmwz7ep: userId=undefined, userType=undefined, readyState=1
🔍 Client client_1751003111737_26143exf4: userId=undefined, userType=undefined, readyState=1
🔍 Client client_1751003121720_b12cllvol: userId=undefined, userType=undefined, readyState=1
🔍 Client client_1751003131758_x2b0my3ej: userId=undefined, userType=undefined, readyState=1
🔍 Client client_1751003141724_zx47elwsq: userId=undefined, userType=undefined, readyState=1
🔍 Client client_1751003151730_wtpiyfl14: userId=undefined, userType=undefined, readyState=1
🔍 Client client_1751003161735_nhbt6c4vr: userId=undefined, userType=undefined, readyState=1
🔍 Client client_1751003171718_muo2jqf1x: userId=undefined, userType=undefined, readyState=1
🔍 Client client_1751003188690_lgiceumw1: userId=undefined, userType=undefined, readyState=1
🔍 Client client_1751003191739_gz02gccfc: userId=undefined, userType=undefined, readyState=1
🔍 Client client_1751003201748_afam4i03y: userId=undefined, userType=undefined, readyState=1
🔍 Client client_1751003211719_1i8ovcbgh: userId=undefined, userType=undefined, readyState=1
🔍 Client client_1751003221766_ptuo1n8np: userId=undefined, userType=undefined, readyState=1
🔍 Client client_1751003231728_y5z348hue: userId=undefined, userType=undefined, readyState=1
🔍 Client client_1751003241750_9w4oewq9q: userId=undefined, userType=undefined, readyState=1
🔍 Client client_1751003309857_xjb4o4ca3: userId=undefined, userType=undefined, readyState=1
🔍 Client client_1751003369788_qgah3g3sk: userId=undefined, userType=undefined, readyState=1
🔍 Client client_1751003429828_ustyhzbgk: userId=undefined, userType=undefined, readyState=1
🔍 Client client_1751003489823_aeind5wk6: userId=undefined, userType=undefined, readyState=1
🔍 Client client_1751003499529_abl1yo8fx: userId=undefined, userType=undefined, readyState=1
🔍 Client client_1751003500722_xiex4y5k4: userId=undefined, userType=undefined, readyState=1
🔍 Client client_1751003506450_6a7n2hc64: userId=undefined, userType=undefined, readyState=1
🔍 Client client_1751003506506_7ac306lsl: userId=undefined, userType=undefined, readyState=1
🔍 Client client_1751003506582_x2wc24bx7: userId=undefined, userType=undefined, readyState=1
🔍 Client client_1751003506657_8rbd8gg1c: userId=undefined, userType=undefined, readyState=1
🔍 Client client_1751003510187_i81a9hcs7: userId=undefined, userType=undefined, readyState=1
🔍 Client client_1751003510215_locw94gy7: userId=undefined, userType=undefined, readyState=1
🔍 Client client_1751003513523_iki1dkix9: userId=undefined, userType=undefined, readyState=1
🔍 Client client_1751003528644_3u58f95y7: userId=undefined, userType=undefined, readyState=1
🔍 Client client_1751003528725_wbm9b8olj: userId=sticks_owner, userType=merchant, readyState=1
📡 Broadcast summary: 0 messages sent, 0 matching users found, 41 total connections
📡 Broadcasting to shop owner: 1
🔍 Looking for user 1 with type merchant among 41 connections
🔍 Client client_1751002970725_w2dui8chn: userId=undefined, userType=undefined, readyState=1
🔍 Client client_1751002981745_fd5le2tv2: userId=undefined, userType=undefined, readyState=1
🔍 Client client_1751002991774_6wm1dis14: userId=undefined, userType=undefined, readyState=1
🔍 Client client_1751003001727_4xxdkddcl: userId=undefined, userType=undefined, readyState=1
🔍 Client client_1751003011729_w6x5eyrad: userId=undefined, userType=undefined, readyState=1
🔍 Client client_1751003021746_3wqwu1hx7: userId=undefined, userType=undefined, readyState=1
🔍 Client client_1751003031728_jct9b4j6l: userId=undefined, userType=undefined, readyState=1
🔍 Client client_1751003069780_66jal0em3: userId=undefined, userType=undefined, readyState=1
🔍 Client client_1751003076346_y9mjfa17c: userId=undefined, userType=undefined, readyState=1
🔍 Client client_1751003081807_chd8hexnb: userId=undefined, userType=undefined, readyState=1
🔍 Client client_1751003091752_mds1eujsv: userId=undefined, userType=undefined, readyState=1
🔍 Client client_1751003101740_exdmwz7ep: userId=undefined, userType=undefined, readyState=1
🔍 Client client_1751003111737_26143exf4: userId=undefined, userType=undefined, readyState=1
🔍 Client client_1751003121720_b12cllvol: userId=undefined, userType=undefined, readyState=1
🔍 Client client_1751003131758_x2b0my3ej: userId=undefined, userType=undefined, readyState=1
🔍 Client client_1751003141724_zx47elwsq: userId=undefined, userType=undefined, readyState=1
🔍 Client client_1751003151730_wtpiyfl14: userId=undefined, userType=undefined, readyState=1
🔍 Client client_1751003161735_nhbt6c4vr: userId=undefined, userType=undefined, readyState=1
🔍 Client client_1751003171718_muo2jqf1x: userId=undefined, userType=undefined, readyState=1
🔍 Client client_1751003188690_lgiceumw1: userId=undefined, userType=undefined, readyState=1
🔍 Client client_1751003191739_gz02gccfc: userId=undefined, userType=undefined, readyState=1
🔍 Client client_1751003201748_afam4i03y: userId=undefined, userType=undefined, readyState=1
🔍 Client client_1751003211719_1i8ovcbgh: userId=undefined, userType=undefined, readyState=1
🔍 Client client_1751003221766_ptuo1n8np: userId=undefined, userType=undefined, readyState=1
🔍 Client client_1751003231728_y5z348hue: userId=undefined, userType=undefined, readyState=1
🔍 Client client_1751003241750_9w4oewq9q: userId=undefined, userType=undefined, readyState=1
🔍 Client client_1751003309857_xjb4o4ca3: userId=undefined, userType=undefined, readyState=1
🔍 Client client_1751003369788_qgah3g3sk: userId=undefined, userType=undefined, readyState=1
🔍 Client client_1751003429828_ustyhzbgk: userId=undefined, userType=undefined, readyState=1
🔍 Client client_1751003489823_aeind5wk6: userId=undefined, userType=undefined, readyState=1
🔍 Client client_1751003499529_abl1yo8fx: userId=undefined, userType=undefined, readyState=1
🔍 Client client_1751003500722_xiex4y5k4: userId=undefined, userType=undefined, readyState=1
🔍 Client client_1751003506450_6a7n2hc64: userId=undefined, userType=undefined, readyState=1
🔍 Client client_1751003506506_7ac306lsl: userId=undefined, userType=undefined, readyState=1
🔍 Client client_1751003506582_x2wc24bx7: userId=undefined, userType=undefined, readyState=1
🔍 Client client_1751003506657_8rbd8gg1c: userId=undefined, userType=undefined, readyState=1
🔍 Client client_1751003510187_i81a9hcs7: userId=undefined, userType=undefined, readyState=1
🔍 Client client_1751003510215_locw94gy7: userId=undefined, userType=undefined, readyState=1
🔍 Client client_1751003513523_iki1dkix9: userId=undefined, userType=undefined, readyState=1
🔍 Client client_1751003528644_3u58f95y7: userId=undefined, userType=undefined, readyState=1
🔍 Client client_1751003528725_wbm9b8olj: userId=sticks_owner, userType=merchant, readyState=1
📡 Broadcast summary: 0 messages sent, 0 matching users found, 41 total connections
📡 Broadcasting to shop merchants: 6k-vyXS9iM97p7jCfXqVn
📡 Sent message to 1 merchant connections for shop 6k-vyXS9iM97p7jCfXqVn
📡 Broadcasting to admins
📡 Sent message to 0 admin connections
📡 Order status update broadcasted for order jUeseEbGYMJ1BQK1M8tkY: pending → in_progress
✅ OrderService.updateOrderStatus completed successfully for order jUeseEbGYMJ1BQK1M8tkY
11:22:15 AM [express] PATCH /api/orders/jUeseEbGYMJ1BQK1M8tkY/status 200 in 20ms :: {"id":"jUeseEbGYM…
WebSocket connection closed: client_1751003528725_wbm9b8olj
New WebSocket connection: client_1751003536017_fep3qc95b
New WebSocket connection: client_1751003546126_1us0bd0ut
Received message from client_1751003546126_1us0bd0ut: auth
Authenticated client_1751003546126_1us0bd0ut as merchant sticks_owner (shop: 6k-vyXS9iM97p7jCfXqVn)
WebSocket connection closed: client_1751003546126_1us0bd0ut
WebSocket connection closed: client_1751003536017_fep3qc95b
WebSocket connection closed: client_1751003528644_3u58f95y7
WebSocket connection closed: client_1751003513523_iki1dkix9
WebSocket connection closed: client_1751003510215_locw94gy7
WebSocket connection closed: client_1751003510187_i81a9hcs7
WebSocket connection closed: client_1751003506657_8rbd8gg1c
WebSocket connection closed: client_1751003506582_x2wc24bx7
WebSocket connection closed: client_1751003506506_7ac306lsl
WebSocket connection closed: client_1751003506450_6a7n2hc64
WebSocket connection closed: client_1751003500722_xiex4y5k4
WebSocket connection closed: client_1751003499529_abl1yo8fx
WebSocket connection closed: client_1751003489823_aeind5wk6
WebSocket connection closed: client_1751003429828_ustyhzbgk
WebSocket connection closed: client_1751003369788_qgah3g3sk
WebSocket connection closed: client_1751003309857_xjb4o4ca3
WebSocket connection closed: client_1751003241750_9w4oewq9q
WebSocket connection closed: client_1751003231728_y5z348hue
WebSocket connection closed: client_1751003221766_ptuo1n8np
WebSocket connection closed: client_1751003211719_1i8ovcbgh
WebSocket connection closed: client_1751003201748_afam4i03y
WebSocket connection closed: client_1751003191739_gz02gccfc
WebSocket connection closed: client_1751003188690_lgiceumw1
WebSocket connection closed: client_1751003171718_muo2jqf1x
WebSocket connection closed: client_1751003161735_nhbt6c4vr
WebSocket connection closed: client_1751003151730_wtpiyfl14
WebSocket connection closed: client_1751003141724_zx47elwsq
WebSocket connection closed: client_1751003131758_x2b0my3ej
WebSocket connection closed: client_1751003121720_b12cllvol
WebSocket connection closed: client_1751003111737_26143exf4
WebSocket connection closed: client_1751003101740_exdmwz7ep
WebSocket connection closed: client_1751003091752_mds1eujsv
WebSocket connection closed: client_1751003081807_chd8hexnb
WebSocket connection closed: client_1751003076346_y9mjfa17c
WebSocket connection closed: client_1751003069780_66jal0em3
WebSocket connection closed: client_1751003031728_jct9b4j6l
WebSocket connection closed: client_1751003021746_3wqwu1hx7
WebSocket connection closed: client_1751003011729_w6x5eyrad
WebSocket connection closed: client_1751003001727_4xxdkddcl
WebSocket connection closed: client_1751002991774_6wm1dis14
WebSocket connection closed: client_1751002981745_fd5le2tv2
WebSocket connection closed: client_1751002970725_w2dui8chn
11:22:34 AM [express] GET /api/shops 200 in 0ms :: [{"id":"BByngmaE_569eC_jxc6d6","name":"The Maripos…
11:22:34 AM [express] GET /api/products 304 in 1ms :: [{"id":"nyYPhbWwAhezl86uS0AwR","shop_id":"6k-vy…
11:22:34 AM [express] GET /api/location/search 400 in 3ms :: {"error":"Query parameter \"q\" is requi…
11:22:34 AM [express] GET /api/shops 304 in 10ms :: [{"id":"BByngmaE_569eC_jxc6d6","name":"The Maripo…
11:22:34 AM [express] GET /api/shops 200 in 1ms :: [{"id":"BByngmaE_569eC_jxc6d6","name":"The Maripos…
New WebSocket connection: client_1751003554446_v10vxlugr
11:22:34 AM [express] GET /api/chat/threads 200 in 10ms :: []
New WebSocket connection: client_1751003554476_kvfrgapw1
WebSocket connection closed: client_1751003554446_v10vxlugr
11:22:34 AM [express] GET /api/shops/6k-vyXS9iM97p7jCfXqVn 304 in 3ms :: {"id":"6k-vyXS9iM97p7jCfXqVn…
11:22:34 AM [express] GET /api/shops/6k-vyXS9iM97p7jCfXqVn/products 304 in 1ms :: [{"id":"nyYPhbWwAhe…
New WebSocket connection: client_1751003554555_c1npbanw2
Received message from client_1751003554555_c1npbanw2: auth
Authenticated client_1751003554555_c1npbanw2 as merchant sticks_owner (shop: 6k-vyXS9iM97p7jCfXqVn)
11:22:34 AM [express] GET /api/shops/6k-vyXS9iM97p7jCfXqVn/orders 200 in 1ms :: [{"id":"jUeseEbGYMJ1B…
WebSocket connection closed: client_1751003554555_c1npbanw2
New WebSocket connection: client_1751003554567_y6j5ccpf8
New WebSocket connection: client_1751003554579_qzqm1e00z
Received message from client_1751003554579_qzqm1e00z: auth
Authenticated client_1751003554579_qzqm1e00z as merchant sticks_owner (shop: 6k-vyXS9iM97p7jCfXqVn)
11:22:38 AM [express] GET /api/shops/6k-vyXS9iM97p7jCfXqVn/direct-conversations 200 in 7ms :: [{"cust…
WebSocket connection closed: client_1751003554579_qzqm1e00z
New WebSocket connection: client_1751003561213_znohqawzq
New WebSocket connection: client_1751003561575_u14p8kemy
Received message from client_1751003561575_u14p8kemy: auth
Authenticated client_1751003561575_u14p8kemy as merchant sticks_owner (shop: 6k-vyXS9iM97p7jCfXqVn)
WebSocket connection closed: client_1751003561575_u14p8kemy
New WebSocket connection: client_1751003648807_zty44cope
WebSocket connection closed: client_1751003648807_zty44cope
11:24:08 AM [express] GET /api/shops 200 in 8ms :: [{"id":"BByngmaE_569eC_jxc6d6","name":"The Maripos…
11:24:08 AM [express] GET /api/products 304 in 1ms :: [{"id":"nyYPhbWwAhezl86uS0AwR","shop_id":"6k-vy…
11:24:08 AM [express] GET /api/chat/threads 304 in 1ms :: [{"shop_id":"6k-vyXS9iM97p7jCfXqVn","shop_n…
11:24:08 AM [express] GET /api/location/search 400 in 1ms :: {"error":"Query parameter \"q\" is requi…
New WebSocket connection: client_1751003648870_ebqkbvw0y
11:24:08 AM [express] GET /api/shops 200 in 1ms :: [{"id":"BByngmaE_569eC_jxc6d6","name":"The Maripos…
11:24:08 AM [express] GET /api/shops 304 in 2ms :: [{"id":"BByngmaE_569eC_jxc6d6","name":"The Maripos…
New WebSocket connection: client_1751003648906_ggqo7mz49
New WebSocket connection: client_1751003648918_a244s52jj
New WebSocket connection: client_1751003648929_8cfukibx3
WebSocket connection closed: client_1751003648929_8cfukibx3
New WebSocket connection: client_1751003648954_ditam1a6g
11:24:11 AM [express] GET /api/customers/1/wishlist 304 in 10ms :: []
New WebSocket connection: client_1751003651887_s1gx3cdcu
WebSocket connection closed: client_1751003651887_s1gx3cdcu
11:24:11 AM [express] GET /api/orders 200 in 23ms
New WebSocket connection: client_1751003651916_att8dsxlt
New WebSocket connection: client_1751003651927_fhdyj1bxw
Received message from client_1751003651927_fhdyj1bxw: auth
Authenticated client_1751003651927_fhdyj1bxw as customer 1
WebSocket connection closed: client_1751003651927_fhdyj1bxw
11:24:31 AM [express] GET /api/shops/6k-vyXS9iM97p7jCfXqVn 304 in 4ms :: {"id":"6k-vyXS9iM97p7jCfXqVn…
11:24:31 AM [express] GET /api/shops/6k-vyXS9iM97p7jCfXqVn/products 304 in 1ms :: [{"id":"nyYPhbWwAhe…
New WebSocket connection: client_1751003671728_0qinld8ob
11:24:31 AM [express] GET /api/shops/6k-vyXS9iM97p7jCfXqVn/orders 304 in 0ms :: [{"id":"jUeseEbGYMJ1B…
WebSocket connection closed: client_1751003671728_0qinld8ob
New WebSocket connection: client_1751003671741_wtbnocroz
New WebSocket connection: client_1751003671754_773lb33lu
Received message from client_1751003671754_773lb33lu: auth
Authenticated client_1751003671754_773lb33lu as merchant sticks_owner (shop: 6k-vyXS9iM97p7jCfXqVn)
WebSocket connection closed: client_1751003671754_773lb33lu
New WebSocket connection: client_1751003680257_bf75kicda
11:24:40 AM [express] GET /api/location/search 400 in 2ms :: {"error":"Query parameter \"q\" is requi…
11:24:40 AM [express] GET /api/shops 200 in 5ms :: [{"id":"BByngmaE_569eC_jxc6d6","name":"The Maripos…
11:24:40 AM [express] GET /api/products 304 in 1ms :: [{"id":"nyYPhbWwAhezl86uS0AwR","shop_id":"6k-vy…
11:24:40 AM [express] GET /api/chat/threads 304 in 0ms :: []
11:24:40 AM [express] GET /api/shops 200 in 1ms :: [{"id":"BByngmaE_569eC_jxc6d6","name":"The Maripos…
11:24:40 AM [express] GET /api/shops 304 in 0ms :: [{"id":"BByngmaE_569eC_jxc6d6","name":"The Maripos…
11:24:40 AM [express] GET /api/shops/6k-vyXS9iM97p7jCfXqVn 304 in 1ms :: {"id":"6k-vyXS9iM97p7jCfXqVn…
New WebSocket connection: client_1751003680351_57u90z052
11:24:40 AM [express] GET /api/shops/6k-vyXS9iM97p7jCfXqVn/products 304 in 3ms :: [{"id":"nyYPhbWwAhe…
11:24:40 AM [express] GET /api/shops/6k-vyXS9iM97p7jCfXqVn/orders 304 in 2ms :: [{"id":"jUeseEbGYMJ1B…
New WebSocket connection: client_1751003680385_exmrw9phv
WebSocket connection closed: client_1751003680385_exmrw9phv
New WebSocket connection: client_1751003680390_93vav9p1y
New WebSocket connection: client_1751003680424_fdroikb1g
Received message from client_1751003680424_fdroikb1g: auth
Authenticated client_1751003680424_fdroikb1g as merchant sticks_owner (shop: 6k-vyXS9iM97p7jCfXqVn)
11:29:27 AM [vite] hmr update /src/index.css?v=fhlibpT_VtshTHC8MZnj3, /src/pages/NewShopOwnerDashboard.tsx, /src/pages/CustomerReservations.tsx, /src/pages/ChatOverview.tsx, /src/pages/Index.tsx, /src/pages/ProductDetail.tsx, /src/components/CustomerChatInterface.tsx, /src/components/CustomerMerchantChat.tsx, /src/components/MerchantChatInterface.tsx
11:29:37 AM [vite] hmr update /src/index.css?v=fhlibpT_VtshTHC8MZnj3, /src/pages/NewShopOwnerDashboard.tsx, /src/pages/CustomerReservations.tsx, /src/pages/ChatOverview.tsx, /src/pages/Index.tsx, /src/pages/ProductDetail.tsx, /src/components/CustomerChatInterface.tsx, /src/components/CustomerMerchantChat.tsx, /src/components/MerchantChatInterface.tsx
11:29:49 AM [vite] hmr update /src/index.css?v=fhlibpT_VtshTHC8MZnj3, /src/pages/NewShopOwnerDashboard.tsx, /src/pages/CustomerReservations.tsx, /src/pages/ChatOverview.tsx, /src/pages/Index.tsx, /src/pages/ProductDetail.tsx, /src/components/CustomerChatInterface.tsx, /src/components/CustomerMerchantChat.tsx, /src/components/MerchantChatInterface.tsx
WebSocket connection closed: client_1751003680424_fdroikb1g
WebSocket connection closed: client_1751003680390_93vav9p1y
WebSocket connection closed: client_1751003680351_57u90z052
WebSocket connection closed: client_1751003680257_bf75kicda
WebSocket connection closed: client_1751003671741_wtbnocroz
WebSocket connection closed: client_1751003651916_att8dsxlt
WebSocket connection closed: client_1751003648954_ditam1a6g
WebSocket connection closed: client_1751003648918_a244s52jj
WebSocket connection closed: client_1751003648906_ggqo7mz49
WebSocket connection closed: client_1751003648870_ebqkbvw0y
WebSocket connection closed: client_1751003561213_znohqawzq
WebSocket connection closed: client_1751003554567_y6j5ccpf8
WebSocket connection closed: client_1751003554476_kvfrgapw1
11:30:17 AM [express] GET /api/shops/6k-vyXS9iM97p7jCfXqVn 304 in 1ms :: {"id":"6k-vyXS9iM97p7jCfXqVn…
11:30:17 AM [express] GET /api/shops/6k-vyXS9iM97p7jCfXqVn/products 304 in 1ms :: [{"id":"nyYPhbWwAhe…
New WebSocket connection: client_1751004017619_zb0a8hxsx
11:30:17 AM [express] GET /api/shops/6k-vyXS9iM97p7jCfXqVn/orders 304 in 1ms :: [{"id":"jUeseEbGYMJ1B…
Received message from client_1751004017619_zb0a8hxsx: auth
Authenticated client_1751004017619_zb0a8hxsx as merchant sticks_owner (shop: 6k-vyXS9iM97p7jCfXqVn)
WebSocket connection closed: client_1751004017619_zb0a8hxsx
New WebSocket connection: client_1751004029155_47waje9tq
11:30:29 AM [express] GET /api/chat/threads 304 in 14ms :: [{"shop_id":"6k-vyXS9iM97p7jCfXqVn","shop_…
Received message from client_1751004029155_47waje9tq: auth
Authenticated client_1751004029155_47waje9tq as customer 1
11:30:29 AM [express] GET /api/products 304 in 2ms :: [{"id":"nyYPhbWwAhezl86uS0AwR","shop_id":"6k-vy…
11:30:29 AM [express] GET /api/shops 200 in 1ms :: [{"id":"BByngmaE_569eC_jxc6d6","name":"The Maripos…
11:30:29 AM [express] GET /api/shops 304 in 0ms :: [{"id":"BByngmaE_569eC_jxc6d6","name":"The Maripos…
11:30:29 AM [express] GET /api/location/search 400 in 0ms :: {"error":"Query parameter \"q\" is requi…
11:30:29 AM [express] GET /api/shops 200 in 3ms :: [{"id":"BByngmaE_569eC_jxc6d6","name":"The Maripos…
11:30:35 AM [express] GET /api/customers/1/wishlist 304 in 18ms :: []
11:30:35 AM [express] GET /api/orders 200 in 42ms
11:30:46 AM [express] GET /api/customers/1/wishlist 304 in 4ms :: []
11:30:46 AM [express] GET /api/orders 200 in 20ms
11:30:56 AM [express] GET /api/customers/1/wishlist 304 in 2ms :: []
11:30:56 AM [express] GET /api/orders 200 in 10ms
11:31:06 AM [express] GET /api/customers/1/wishlist 304 in 4ms :: []
11:31:06 AM [express] GET /api/orders 200 in 17ms
11:31:16 AM [express] GET /api/customers/1/wishlist 304 in 11ms :: []
11:31:16 AM [express] GET /api/orders 200 in 19ms
11:31:26 AM [express] GET /api/customers/1/wishlist 304 in 2ms :: []
11:31:26 AM [express] GET /api/orders 200 in 14ms
11:31:36 AM [express] GET /api/customers/1/wishlist 304 in 3ms :: []
11:31:36 AM [express] GET /api/orders 200 in 11ms
11:32:29 AM [express] GET /api/customers/1/wishlist 304 in 6ms :: []
11:32:29 AM [express] GET /api/orders 200 in 54ms
11:33:29 AM [express] GET /api/customers/1/wishlist 304 in 3ms :: []
11:33:29 AM [express] GET /api/orders 200 in 23ms
11:33:41 AM [vite] hmr update /src/index.css?v=fhlibpT_VtshTHC8MZnj3, /src/pages/NewShopOwnerDashboard.tsx, /src/pages/CustomerReservations.tsx
11:34:05 AM [vite] hmr update /src/index.css?v=fhlibpT_VtshTHC8MZnj3, /src/pages/NewShopOwnerDashboard.tsx, /src/pages/CustomerReservations.tsx
11:34:17 AM [vite] hmr update /src/index.css?v=fhlibpT_VtshTHC8MZnj3, /src/pages/NewShopOwnerDashboard.tsx, /src/pages/CustomerReservations.tsx, /src/pages/ChatOverview.tsx, /src/pages/Index.tsx, /src/pages/ProductDetail.tsx, /src/components/CustomerChatInterface.tsx, /src/components/CustomerMerchantChat.tsx, /src/components/MerchantChatInterface.tsx
11:34:29 AM [express] GET /api/customers/1/wishlist 304 in 22ms :: []
11:34:29 AM [express] GET /api/orders 200 in 47ms
11:35:14 AM [express] GET /api/customers/1/wishlist 304 in 3ms :: []
11:35:14 AM [express] GET /api/orders 200 in 12ms
11:35:15 AM [express] GET /api/customers/1/wishlist 304 in 3ms :: []
11:35:15 AM [express] GET /api/orders 200 in 10ms
11:35:17 AM [express] GET /api/shops 200 in 8ms :: [{"id":"BByngmaE_569eC_jxc6d6","name":"The Maripos…
11:35:17 AM [express] GET /api/products 304 in 5ms :: [{"id":"nyYPhbWwAhezl86uS0AwR","shop_id":"6k-vy…
11:35:17 AM [express] GET /api/shops 304 in 2ms :: [{"id":"BByngmaE_569eC_jxc6d6","name":"The Maripos…
11:35:18 AM [express] GET /api/location/search 400 in 5ms :: {"error":"Query parameter \"q\" is requi…
11:35:18 AM [express] GET /api/chat/threads 304 in 10ms :: [{"shop_id":"6k-vyXS9iM97p7jCfXqVn","shop_…
New WebSocket connection: client_1751004318374_3lnr4ho5d
11:35:18 AM [express] GET /api/shops 200 in 2ms :: [{"id":"BByngmaE_569eC_jxc6d6","name":"The Maripos…
Received message from client_1751004318374_3lnr4ho5d: auth
Authenticated client_1751004318374_3lnr4ho5d as customer 1
WebSocket connection closed: client_1751004318374_3lnr4ho5d
11:35:26 AM [express] GET /api/customers/1/wishlist 304 in 3ms :: []
11:35:26 AM [express] GET /api/orders 200 in 14ms
11:35:26 AM [express] GET /api/location/search 400 in 0ms :: {"error":"Query parameter \"q\" is requi…
New WebSocket connection: client_1751004326972_8iid2wjmk
Received message from client_1751004326972_8iid2wjmk: auth
Authenticated client_1751004326972_8iid2wjmk as customer 1
11:35:26 AM [express] GET /api/shops 200 in 1ms :: [{"id":"BByngmaE_569eC_jxc6d6","name":"The Maripos…
11:35:26 AM [express] GET /api/products 304 in 5ms :: [{"id":"nyYPhbWwAhezl86uS0AwR","shop_id":"6k-vy…
11:35:26 AM [express] GET /api/shops 200 in 1ms :: [{"id":"BByngmaE_569eC_jxc6d6","name":"The Maripos…
11:35:26 AM [express] GET /api/shops 304 in 1ms :: [{"id":"BByngmaE_569eC_jxc6d6","name":"The Maripos…
11:35:27 AM [express] GET /api/chat/threads 304 in 28ms :: [{"shop_id":"6k-vyXS9iM97p7jCfXqVn","shop_…
11:35:36 AM [express] GET /api/customers/1/wishlist 304 in 4ms :: []
11:35:36 AM [express] GET /api/orders 200 in 20ms
11:35:46 AM [express] GET /api/customers/1/wishlist 304 in 3ms :: []
11:35:46 AM [express] GET /api/orders 200 in 23ms
11:35:56 AM [express] GET /api/customers/1/wishlist 304 in 2ms :: []
11:35:56 AM [express] GET /api/orders 200 in 15ms
11:36:06 AM [express] GET /api/customers/1/wishlist 304 in 5ms :: []
11:36:06 AM [express] GET /api/orders 200 in 31ms
11:36:16 AM [express] GET /api/customers/1/wishlist 304 in 7ms :: []
11:36:16 AM [express] GET /api/orders 200 in 32ms
11:36:29 AM [express] GET /api/customers/1/wishlist 304 in 4ms :: []
11:36:29 AM [express] GET /api/orders 200 in 33ms
11:36:46 AM [express] GET /api/customers/1/wishlist 304 in 13ms :: []
11:36:46 AM [express] GET /api/orders 200 in 54ms
11:36:56 AM [express] GET /api/customers/1/wishlist 304 in 3ms :: []
11:36:56 AM [express] GET /api/orders 200 in 36ms
11:37:06 AM [express] GET /api/customers/1/wishlist 304 in 9ms :: []
11:37:06 AM [express] GET /api/orders 200 in 32ms
11:37:16 AM [express] GET /api/customers/1/wishlist 304 in 7ms :: []
11:37:16 AM [express] GET /api/orders 200 in 29ms
11:37:26 AM [express] GET /api/customers/1/wishlist 304 in 8ms :: []
11:37:26 AM [express] GET /api/orders 200 in 51ms
11:37:29 AM [express] GET /api/customers/1/wishlist 304 in 5ms :: []
11:37:29 AM [express] GET /api/orders 200 in 21ms
11:37:36 AM [express] GET /api/customers/1/wishlist 304 in 3ms :: []
11:37:36 AM [express] GET /api/orders 200 in 15ms
11:37:46 AM [express] GET /api/customers/1/wishlist 304 in 11ms :: []
11:37:46 AM [express] GET /api/orders 200 in 23ms
11:37:57 AM [express] GET /api/customers/1/wishlist 304 in 2ms :: []
11:37:57 AM [express] GET /api/orders 200 in 12ms
11:38:07 AM [express] GET /api/customers/1/wishlist 304 in 2ms :: []
11:38:07 AM [express] GET /api/orders 200 in 20ms
11:38:17 AM [express] GET /api/customers/1/wishlist 304 in 3ms :: []
11:38:17 AM [express] GET /api/orders 200 in 20ms
11:38:26 AM [express] GET /api/customers/1/wishlist 304 in 5ms :: []
11:38:26 AM [express] GET /api/orders 200 in 40ms
11:38:29 AM [express] GET /api/customers/1/wishlist 304 in 3ms :: []
11:38:29 AM [express] GET /api/orders 200 in 29ms
11:38:37 AM [express] GET /api/customers/1/wishlist 304 in 4ms :: []
11:38:37 AM [express] GET /api/orders 200 in 27ms
11:38:47 AM [express] GET /api/customers/1/wishlist 304 in 3ms :: []
11:38:47 AM [express] GET /api/orders 200 in 20ms
11:38:53 AM [express] GET /api/shops 200 in 20ms :: [{"id":"BByngmaE_569eC_jxc6d6","name":"The Maripo…
11:38:53 AM [express] GET /api/products 304 in 9ms :: [{"id":"nyYPhbWwAhezl86uS0AwR","shop_id":"6k-vy…
11:38:53 AM [express] GET /api/shops 304 in 1ms :: [{"id":"BByngmaE_569eC_jxc6d6","name":"The Maripos…
11:38:53 AM [express] GET /api/location/search 400 in 5ms :: {"error":"Query parameter \"q\" is requi…
New WebSocket connection: client_1751004533896_q87xpv7s8
11:38:54 AM [express] GET /api/chat/threads 304 in 102ms :: [{"shop_id":"6k-vyXS9iM97p7jCfXqVn","shop…
Received message from client_1751004533896_q87xpv7s8: auth
Authenticated client_1751004533896_q87xpv7s8 as customer 1
11:38:54 AM [express] GET /api/shops 200 in 12ms :: [{"id":"BByngmaE_569eC_jxc6d6","name":"The Maripo…
11:38:57 AM [express] GET /api/customers/1/wishlist 304 in 3ms :: []
11:38:57 AM [express] GET /api/orders 200 in 17ms
WebSocket connection closed: client_1751004533896_q87xpv7s8
11:39:01 AM [express] GET /api/shops/6k-vyXS9iM97p7jCfXqVn 304 in 3ms :: {"id":"6k-vyXS9iM97p7jCfXqVn…
11:39:01 AM [express] GET /api/shops/6k-vyXS9iM97p7jCfXqVn/products 304 in 3ms :: [{"id":"nyYPhbWwAhe…
11:39:01 AM [express] GET /api/shops/6k-vyXS9iM97p7jCfXqVn/orders 304 in 1ms :: [{"id":"jUeseEbGYMJ1B…
New WebSocket connection: client_1751004541880_k6ikkqxqz
Received message from client_1751004541880_k6ikkqxqz: auth
Authenticated client_1751004541880_k6ikkqxqz as merchant sticks_owner (shop: 6k-vyXS9iM97p7jCfXqVn)
11:39:07 AM [express] GET /api/customers/1/wishlist 304 in 8ms :: []
11:39:07 AM [express] GET /api/orders 200 in 32ms
11:39:17 AM [express] GET /api/customers/1/wishlist 304 in 4ms :: []
11:39:17 AM [express] GET /api/orders 200 in 15ms
🔄 Order status update API called: {
  orderId: 'Zu2sNIkZGq1dLlMORhbHL',
  newStatus: 'delivered',
  notes: undefined,
  userId: 'sticks_owner',
  userRole: 'merchant'
}
📦 OrderService.updateOrderStatus called: {
  orderId: 'Zu2sNIkZGq1dLlMORhbHL',
  newStatus: 'delivered',
  updatedBy: 'sticks_owner',
  updatedByType: 'merchant',
  notes: undefined
}
📡 Broadcasting order update for order Zu2sNIkZGq1dLlMORhbHL: in_progress → delivered
📡 Broadcasting order update to users: { customerId: '1', shopId: '6k-vyXS9iM97p7jCfXqVn', shopOwnerId: '1' }
📡 Broadcasting to customer: 1
🔍 Looking for user 1 with type customer among 3 connections
🔍 Client client_1751004029155_47waje9tq: userId=1, userType=customer, readyState=1
✅ Found matching user 1, checking type: customer === customer
📤 Successfully sent message to user 1
🔍 Client client_1751004326972_8iid2wjmk: userId=1, userType=customer, readyState=1
✅ Found matching user 1, checking type: customer === customer
📤 Successfully sent message to user 1
🔍 Client client_1751004541880_k6ikkqxqz: userId=sticks_owner, userType=merchant, readyState=1
📡 Broadcast summary: 2 messages sent, 2 matching users found, 3 total connections
📡 Broadcasting to shop owner: 1
🔍 Looking for user 1 with type merchant among 3 connections
🔍 Client client_1751004029155_47waje9tq: userId=1, userType=customer, readyState=1
✅ Found matching user 1, checking type: customer === merchant
🔍 Client client_1751004326972_8iid2wjmk: userId=1, userType=customer, readyState=1
✅ Found matching user 1, checking type: customer === merchant
🔍 Client client_1751004541880_k6ikkqxqz: userId=sticks_owner, userType=merchant, readyState=1
📡 Broadcast summary: 0 messages sent, 2 matching users found, 3 total connections
📡 Broadcasting to shop merchants: 6k-vyXS9iM97p7jCfXqVn
📡 Sent message to 1 merchant connections for shop 6k-vyXS9iM97p7jCfXqVn
📡 Broadcasting to admins
📡 Sent message to 0 admin connections
📡 Order status update broadcasted for order Zu2sNIkZGq1dLlMORhbHL: in_progress → delivered
✅ OrderService.updateOrderStatus completed successfully for order Zu2sNIkZGq1dLlMORhbHL
11:39:26 AM [express] PATCH /api/orders/Zu2sNIkZGq1dLlMORhbHL/status 200 in 33ms :: {"id":"Zu2sNIkZGq…
11:39:27 AM [express] GET /api/customers/1/wishlist 304 in 1ms :: []
11:39:27 AM [express] GET /api/orders 200 in 11ms
11:39:29 AM [express] GET /api/customers/1/wishlist 304 in 1ms :: []
11:39:29 AM [express] GET /api/orders 200 in 8ms
11:39:37 AM [express] GET /api/customers/1/wishlist 304 in 3ms :: []
11:39:37 AM [express] GET /api/orders 200 in 33ms
11:39:47 AM [express] GET /api/customers/1/wishlist 304 in 4ms :: []
11:39:47 AM [express] GET /api/orders 200 in 23ms
11:40:29 AM [express] GET /api/customers/1/wishlist 304 in 3ms :: []
11:40:29 AM [express] GET /api/customers/1/wishlist 304 in 2ms :: []
11:40:29 AM [express] GET /api/orders 200 in 35ms
11:40:29 AM [express] GET /api/orders 200 in 8ms
11:40:48 AM [vite] hmr update /src/index.css?v=fhlibpT_VtshTHC8MZnj3, /src/pages/NewShopOwnerDashboard.tsx, /src/pages/CustomerReservations.tsx, /src/pages/ChatOverview.tsx, /src/pages/Index.tsx, /src/pages/ProductDetail.tsx, /src/components/CustomerChatInterface.tsx, /src/components/CustomerMerchantChat.tsx, /src/components/MerchantChatInterface.tsx
11:41:03 AM [vite] hmr update /src/index.css?v=fhlibpT_VtshTHC8MZnj3, /src/pages/NewShopOwnerDashboard.tsx, /src/pages/CustomerReservations.tsx
WebSocket connection closed: client_1751004541880_k6ikkqxqz
11:41:25 AM [express] GET /api/shops/6k-vyXS9iM97p7jCfXqVn 304 in 4ms :: {"id":"6k-vyXS9iM97p7jCfXqVn…
11:41:25 AM [express] GET /api/shops/6k-vyXS9iM97p7jCfXqVn/products 304 in 4ms :: [{"id":"nyYPhbWwAhe…
11:41:25 AM [express] GET /api/shops/6k-vyXS9iM97p7jCfXqVn/orders 200 in 1ms :: [{"id":"jUeseEbGYMJ1B…
New WebSocket connection: client_1751004685601_4a7c8kn4z
Received message from client_1751004685601_4a7c8kn4z: auth
Authenticated client_1751004685601_4a7c8kn4z as merchant sticks_owner (shop: 6k-vyXS9iM97p7jCfXqVn)
11:41:29 AM [express] GET /api/customers/1/wishlist 304 in 3ms :: []
11:41:29 AM [express] GET /api/customers/1/wishlist 304 in 2ms :: []
11:41:29 AM [express] GET /api/orders 200 in 18ms
11:41:29 AM [express] GET /api/orders 200 in 15ms
WebSocket connection closed: client_1751004326972_8iid2wjmk
11:41:35 AM [express] GET /api/shops/6k-vyXS9iM97p7jCfXqVn 304 in 2ms :: {"id":"6k-vyXS9iM97p7jCfXqVn…
11:41:35 AM [express] GET /api/shops/6k-vyXS9iM97p7jCfXqVn/products 304 in 1ms :: [{"id":"nyYPhbWwAhe…
New WebSocket connection: client_1751004695909_fi2wk8mri
11:41:35 AM [express] GET /api/shops/6k-vyXS9iM97p7jCfXqVn/orders 304 in 2ms :: [{"id":"jUeseEbGYMJ1B…
Received message from client_1751004695909_fi2wk8mri: auth
Authenticated client_1751004695909_fi2wk8mri as merchant sticks_owner (shop: 6k-vyXS9iM97p7jCfXqVn)
WebSocket connection closed: client_1751004695909_fi2wk8mri
New WebSocket connection: client_1751004708428_9u8t923g5
11:41:48 AM [express] GET /api/chat/threads 304 in 6ms :: [{"shop_id":"6k-vyXS9iM97p7jCfXqVn","shop_n…
Received message from client_1751004708428_9u8t923g5: auth
Authenticated client_1751004708428_9u8t923g5 as customer 1
11:41:48 AM [express] GET /api/shops 200 in 30ms :: [{"id":"BByngmaE_569eC_jxc6d6","name":"The Maripo…
11:41:48 AM [express] GET /api/location/search 400 in 1ms :: {"error":"Query parameter \"q\" is requi…
11:41:48 AM [express] GET /api/products 304 in 31ms :: [{"id":"nyYPhbWwAhezl86uS0AwR","shop_id":"6k-v…
11:41:48 AM [express] GET /api/shops 200 in 1ms :: [{"id":"BByngmaE_569eC_jxc6d6","name":"The Maripos…
11:41:48 AM [express] GET /api/shops 304 in 2ms :: [{"id":"BByngmaE_569eC_jxc6d6","name":"The Maripos…
11:41:51 AM [express] GET /api/customers/1/wishlist 304 in 20ms :: []
11:41:51 AM [express] GET /api/orders 200 in 36ms
11:42:02 AM [express] DELETE /api/orders/8jNJRvQPxncstLZ2TVa4u 400 in 22ms :: {"error":"Order cannot …
11:42:02 AM [express] GET /api/customers/1/wishlist 304 in 2ms :: []
11:42:02 AM [express] GET /api/orders 200 in 34ms
11:42:06 AM [express] DELETE /api/orders/8jNJRvQPxncstLZ2TVa4u 400 in 6ms :: {"error":"Order cannot b…
11:42:11 AM [express] GET /api/customers/1/wishlist 304 in 5ms :: []
11:42:11 AM [express] GET /api/orders 200 in 26ms
11:42:18 AM [express] DELETE /api/orders/2ezidDRtuBs6qmV4GMhQ4 400 in 18ms :: {"error":"Order cannot …
11:42:21 AM [express] GET /api/customers/1/wishlist 304 in 5ms :: []
11:42:21 AM [express] GET /api/orders 200 in 25ms
11:42:29 AM [express] GET /api/customers/1/wishlist 304 in 4ms :: []
11:42:29 AM [express] GET /api/orders 200 in 16ms
11:42:31 AM [express] GET /api/customers/1/wishlist 304 in 5ms :: []
11:42:31 AM [express] GET /api/orders 200 in 19ms
11:42:41 AM [express] GET /api/customers/1/wishlist 304 in 4ms :: []
11:42:41 AM [express] GET /api/orders 200 in 14ms
11:42:51 AM [express] GET /api/customers/1/wishlist 304 in 18ms :: []
11:42:51 AM [express] GET /api/orders 200 in 31ms
11:43:01 AM [express] GET /api/customers/1/wishlist 304 in 4ms :: []
11:43:01 AM [express] GET /api/orders 200 in 23ms
11:43:10 AM [express] DELETE /api/orders/2ezidDRtuBs6qmV4GMhQ4 400 in 22ms :: {"error":"Order cannot …
11:43:11 AM [express] GET /api/customers/1/wishlist 304 in 2ms :: []
11:43:11 AM [express] GET /api/orders 200 in 23ms
11:43:14 AM [express] DELETE /api/orders/7bs2IzOyWsJbr0GIR-E4f 400 in 5ms :: {"error":"Order cannot b…
11:43:21 AM [express] GET /api/customers/1/wishlist 304 in 8ms :: []
11:43:21 AM [express] GET /api/orders 200 in 33ms
11:43:29 AM [express] GET /api/customers/1/wishlist 304 in 3ms :: []
11:43:29 AM [express] GET /api/orders 200 in 26ms
11:43:31 AM [express] GET /api/customers/1/wishlist 304 in 2ms :: []
11:43:31 AM [express] GET /api/orders 200 in 14ms
11:43:41 AM [express] GET /api/customers/1/wishlist 304 in 4ms :: []
11:43:41 AM [express] GET /api/orders 200 in 28ms
11:43:52 AM [express] GET /api/customers/1/wishlist 304 in 2ms :: []
11:43:52 AM [express] GET /api/orders 200 in 18ms
11:44:02 AM [express] GET /api/customers/1/wishlist 304 in 1ms :: []
11:44:02 AM [express] GET /api/orders 200 in 25ms
11:44:12 AM [express] GET /api/customers/1/wishlist 304 in 2ms :: []
11:44:12 AM [express] GET /api/orders 200 in 26ms
11:44:22 AM [express] GET /api/customers/1/wishlist 304 in 3ms :: []
11:44:22 AM [express] GET /api/orders 200 in 26ms
11:44:29 AM [express] GET /api/customers/1/wishlist 304 in 2ms :: []
11:44:29 AM [express] GET /api/orders 200 in 21ms
11:44:32 AM [express] GET /api/customers/1/wishlist 304 in 2ms :: []
11:44:32 AM [express] GET /api/orders 200 in 18ms
11:44:42 AM [express] GET /api/customers/1/wishlist 304 in 2ms :: []
11:44:42 AM [express] GET /api/orders 200 in 9ms
11:44:51 AM [express] GET /api/customers/1/wishlist 304 in 6ms :: []
11:44:51 AM [express] GET /api/orders 200 in 88ms
WebSocket connection closed: client_1751004708428_9u8t923g5
11:45:06 AM [express] GET /api/shops/6k-vyXS9iM97p7jCfXqVn 304 in 5ms :: {"id":"6k-vyXS9iM97p7jCfXqVn…
11:45:06 AM [express] GET /api/shops/6k-vyXS9iM97p7jCfXqVn/products 304 in 5ms :: [{"id":"nyYPhbWwAhe…
New WebSocket connection: client_1751004906859_1inx4ozn1
Received message from client_1751004906859_1inx4ozn1: auth
Authenticated client_1751004906859_1inx4ozn1 as merchant sticks_owner (shop: 6k-vyXS9iM97p7jCfXqVn)
11:45:06 AM [express] GET /api/shops/6k-vyXS9iM97p7jCfXqVn/orders 304 in 1ms :: [{"id":"jUeseEbGYMJ1B…
🔄 Order status update API called: {
  orderId: 'Zu2sNIkZGq1dLlMORhbHL',
  newStatus: 'cancelled',
  notes: undefined,
  userId: 'sticks_owner',
  userRole: 'merchant'
}
📦 OrderService.updateOrderStatus called: {
  orderId: 'Zu2sNIkZGq1dLlMORhbHL',
  newStatus: 'cancelled',
  updatedBy: 'sticks_owner',
  updatedByType: 'merchant',
  notes: undefined
}
11:45:14 AM [express] PATCH /api/orders/Zu2sNIkZGq1dLlMORhbHL/status 400 in 21ms :: {"error":"Cannot …
11:45:29 AM [express] GET /api/customers/1/wishlist 304 in 3ms :: []
11:45:29 AM [express] GET /api/orders 200 in 12ms
11:45:59 AM [vite] hmr update /src/index.css?v=fhlibpT_VtshTHC8MZnj3, /src/pages/NewShopOwnerDashboard.tsx, /src/pages/CustomerReservations.tsx, /src/pages/Index.tsx, /src/pages/EnhancedAdminDashboard.tsx, /src/pages/ProductDetail.tsx, /src/components/CustomerChatInterface.tsx, /src/pages/ComprehensiveAdminDashboard.tsx, /src/components/CustomerMerchantChat.tsx, /src/components/dashboard/OrderTracking.tsx, /src/components/dashboard/CustomerContact.tsx, /src/components/MerchantChatInterface.tsx
11:46:29 AM [express] GET /api/customers/1/wishlist 304 in 22ms :: []
11:46:29 AM [express] GET /api/orders 200 in 58ms
11:47:29 AM [express] GET /api/customers/1/wishlist 304 in 11ms :: []
11:47:29 AM [express] GET /api/orders 200 in 25ms
